# JRE version: Java(TM) SE Runtime Environment (8.0_171-b11) (build 1.8.0_171-b11)
# Java VM: Java HotSpot(TM) 64-Bit Server VM (25.171-b11 mixed mode linux-amd64 compressed oops)
Heap:
 PSYoungGen      total 337408K, used 160236K [0x00000000d6f80000, 0x00000000f9900000, 0x0000000100000000)
  eden space 177152K, 0% used [0x00000000d6f80000,0x00000000d6f80000,0x00000000e1c80000)
  from space 160256K, 99% used [0x00000000efc80000,0x00000000f98fb3c8,0x00000000f9900000)
  to   space 105984K, 0% used [0x00000000e1c80000,0x00000000e1c80000,0x00000000e8400000)
 ParOldGen       total 294400K, used 256327K [0x0000000084e00000, 0x0000000096d80000, 0x00000000d6f80000)
  object space 294400K, 87% used [0x0000000084e00000,0x0000000094851c28,0x0000000096d80000)
 Metaspace       used 12229K, capacity 12460K, committed 12672K, reserved 1060864K
  class space    used 1297K, capacity 1384K, committed 1408K, reserved 1048576K
GC Heap History (10 events):
Event: 1.657 GC heap after
Heap after GC invocations=5 (full 1):
 PSYoungGen      total 132096K, used 0K [0x00000000d6f80000, 0x00000000df580000, 0x0000000100000000)
  eden space 126976K, 0% used [0x00000000d6f80000,0x00000000d6f80000,0x00000000deb80000)
  from space 5120K, 0% used [0x00000000df080000,0x00000000df080000,0x00000000df580000)
  to   space 5120K, 0% used [0x00000000deb80000,0x00000000deb80000,0x00000000df080000)
 ParOldGen       total 155648K, used 67249K [0x0000000084e00000, 0x000000008e600000, 0x00000000d6f80000)
  object space 155648K, 43% used [0x0000000084e00000,0x0000000088fac6e8,0x000000008e600000)
 Metaspace       used 11252K, capacity 11500K, committed 11648K, reserved 1058816K
  class space    used 1201K, capacity 1320K, committed 1408K, reserved 1048576K
}
Event: 1.816 GC heap before
{Heap before GC invocations=6 (full 1):
 PSYoungGen      total 132096K, used 126976K [0x00000000d6f80000, 0x00000000df580000, 0x0000000100000000)
  eden space 126976K, 100% used [0x00000000d6f80000,0x00000000deb80000,0x00000000deb80000)
  from space 5120K, 0% used [0x00000000df080000,0x00000000df080000,0x00000000df580000)
  to   space 5120K, 0% used [0x00000000deb80000,0x00000000deb80000,0x00000000df080000)
 ParOldGen       total 155648K, used 67249K [0x0000000084e00000, 0x000000008e600000, 0x00000000d6f80000)
  object space 155648K, 43% used [0x0000000084e00000,0x0000000088fac6e8,0x000000008e600000)
 Metaspace       used 11313K, capacity 11500K, committed 11648K, reserved 1058816K
  class space    used 1201K, capacity 1320K, committed 1408K, reserved 1048576K
Event: 1.914 GC heap after
Heap after GC invocations=6 (full 1):
 PSYoungGen      total 132096K, used 5109K [0x00000000d6f80000, 0x00000000ee980000, 0x0000000100000000)
  eden space 126976K, 0% used [0x00000000d6f80000,0x00000000d6f80000,0x00000000deb80000)
  from space 5120K, 99% used [0x00000000deb80000,0x00000000df07d460,0x00000000df080000)
  to   space 87040K, 0% used [0x00000000e9480000,0x00000000e9480000,0x00000000ee980000)
 ParOldGen       total 155648K, used 146664K [0x0000000084e00000, 0x000000008e600000, 0x00000000d6f80000)
  object space 155648K, 94% used [0x0000000084e00000,0x000000008dd3a128,0x000000008e600000)
 Metaspace       used 11313K, capacity 11500K, committed 11648K, reserved 1058816K
  class space    used 1201K, capacity 1320K, committed 1408K, reserved 1048576K
}
Event: 1.914 GC heap before
{Heap before GC invocations=7 (full 2):
 PSYoungGen      total 132096K, used 5109K [0x00000000d6f80000, 0x00000000ee980000, 0x0000000100000000)
  eden space 126976K, 0% used [0x00000000d6f80000,0x00000000d6f80000,0x00000000deb80000)
  from space 5120K, 99% used [0x00000000deb80000,0x00000000df07d460,0x00000000df080000)
  to   space 87040K, 0% used [0x00000000e9480000,0x00000000e9480000,0x00000000ee980000)
 ParOldGen       total 155648K, used 146664K [0x0000000084e00000, 0x000000008e600000, 0x00000000d6f80000)
  object space 155648K, 94% used [0x0000000084e00000,0x000000008dd3a128,0x000000008e600000)
 Metaspace       used 11313K, capacity 11500K, committed 11648K, reserved 1058816K
  class space    used 1201K, capacity 1320K, committed 1408K, reserved 1048576K
Event: 2.167 GC heap after
Heap after GC invocations=7 (full 2):
 PSYoungGen      total 132096K, used 0K [0x00000000d6f80000, 0x00000000ee980000, 0x0000000100000000)
  eden space 126976K, 0% used [0x00000000d6f80000,0x00000000d6f80000,0x00000000deb80000)
  from space 5120K, 0% used [0x00000000deb80000,0x00000000deb80000,0x00000000df080000)
  to   space 87040K, 0% used [0x00000000e9480000,0x00000000e9480000,0x00000000ee980000)
 ParOldGen       total 294400K, used 143475K [0x0000000084e00000, 0x0000000096d80000, 0x00000000d6f80000)
  object space 294400K, 48% used [0x0000000084e00000,0x000000008da1cc00,0x0000000096d80000)
 Metaspace       used 11313K, capacity 11500K, committed 11648K, reserved 1058816K
  class space    used 1201K, capacity 1320K, committed 1408K, reserved 1048576K
}
Event: 2.328 GC heap before
{Heap before GC invocations=8 (full 2):
 PSYoungGen      total 132096K, used 126976K [0x00000000d6f80000, 0x00000000ee980000, 0x0000000100000000)
  eden space 126976K, 100% used [0x00000000d6f80000,0x00000000deb80000,0x00000000deb80000)
  from space 5120K, 0% used [0x00000000deb80000,0x00000000deb80000,0x00000000df080000)
  to   space 87040K, 0% used [0x00000000e9480000,0x00000000e9480000,0x00000000ee980000)
 ParOldGen       total 294400K, used 143475K [0x0000000084e00000, 0x0000000096d80000, 0x00000000d6f80000)
  object space 294400K, 48% used [0x0000000084e00000,0x000000008da1cc00,0x0000000096d80000)
 Metaspace       used 11345K, capacity 11564K, committed 11904K, reserved 1060864K
  class space    used 1205K, capacity 1320K, committed 1408K, reserved 1048576K
Event: 2.439 GC heap after
Heap after GC invocations=8 (full 2):
 PSYoungGen      total 264192K, used 80713K [0x00000000d6f80000, 0x00000000eeb80000, 0x0000000100000000)
  eden space 177152K, 0% used [0x00000000d6f80000,0x00000000d6f80000,0x00000000e1c80000)
  from space 87040K, 92% used [0x00000000e9480000,0x00000000ee3527a0,0x00000000ee980000)
  to   space 105984K, 0% used [0x00000000e1c80000,0x00000000e1c80000,0x00000000e8400000)
 ParOldGen       total 294400K, used 143475K [0x0000000084e00000, 0x0000000096d80000, 0x00000000d6f80000)
  object space 294400K, 48% used [0x0000000084e00000,0x000000008da1cc00,0x0000000096d80000)
 Metaspace       used 11345K, capacity 11564K, committed 11904K, reserved 1060864K
  class space    used 1205K, capacity 1320K, committed 1408K, reserved 1048576K
}
Event: 3.308 GC heap before
{Heap before GC invocations=9 (full 2):
 PSYoungGen      total 264192K, used 257865K [0x00000000d6f80000, 0x00000000eeb80000, 0x0000000100000000)
  eden space 177152K, 100% used [0x00000000d6f80000,0x00000000e1c80000,0x00000000e1c80000)
  from space 87040K, 92% used [0x00000000e9480000,0x00000000ee3527a0,0x00000000ee980000)
  to   space 105984K, 0% used [0x00000000e1c80000,0x00000000e1c80000,0x00000000e8400000)
 ParOldGen       total 294400K, used 143475K [0x0000000084e00000, 0x0000000096d80000, 0x00000000d6f80000)
  object space 294400K, 48% used [0x0000000084e00000,0x000000008da1cc00,0x0000000096d80000)
 Metaspace       used 12229K, capacity 12460K, committed 12672K, reserved 1060864K
  class space    used 1297K, capacity 1384K, committed 1408K, reserved 1048576K
Event: 3.490 GC heap after
Heap after GC invocations=9 (full 2):
 PSYoungGen      total 283136K, used 105963K [0x00000000d6f80000, 0x00000000f9900000, 0x0000000100000000)
  eden space 177152K, 0% used [0x00000000d6f80000,0x00000000d6f80000,0x00000000e1c80000)
  from space 105984K, 99% used [0x00000000e1c80000,0x00000000e83fac40,0x00000000e8400000)
  to   space 160256K, 0% used [0x00000000efc80000,0x00000000efc80000,0x00000000f9900000)
 ParOldGen       total 294400K, used 203855K [0x0000000084e00000, 0x0000000096d80000, 0x00000000d6f80000)
  object space 294400K, 69% used [0x0000000084e00000,0x0000000091513d08,0x0000000096d80000)
 Metaspace       used 12229K, capacity 12460K, committed 12672K, reserved 1060864K
  class space    used 1297K, capacity 1384K, committed 1408K, reserved 1048576K
}
Event: 3.723 GC heap before
{Heap before GC invocations=10 (full 2):
 PSYoungGen      total 283136K, used 283115K [0x00000000d6f80000, 0x00000000f9900000, 0x0000000100000000)
  eden space 177152K, 100% used [0x00000000d6f80000,0x00000000e1c80000,0x00000000e1c80000)
  from space 105984K, 99% used [0x00000000e1c80000,0x00000000e83fac40,0x00000000e8400000)
  to   space 160256K, 0% used [0x00000000efc80000,0x00000000efc80000,0x00000000f9900000)
 ParOldGen       total 294400K, used 203855K [0x0000000084e00000, 0x0000000096d80000, 0x00000000d6f80000)
  object space 294400K, 69% used [0x0000000084e00000,0x0000000091513d08,0x0000000096d80000)
 Metaspace       used 12229K, capacity 12460K, committed 12672K, reserved 1060864K
  class space    used 1297K, capacity 1384K, committed 1408K, reserved 1048576K

