# JRE version: Java(TM) SE Runtime Environment (8.0_171-b11) (build 1.8.0_171-b11)
# Java VM: Java HotSpot(TM) 64-Bit Server VM (25.171-b11 mixed mode linux-amd64 compressed oops)
Heap:
 PSYoungGen      total 163840K, used 29358K [0x00000000d6f80000, 0x00000000e6500000, 0x0000000100000000)
  eden space 163328K, 17% used [0x00000000d6f80000,0x00000000d8c0b840,0x00000000e0f00000)
  from space 512K, 25% used [0x00000000e1480000,0x00000000e14a0000,0x00000000e1500000)
  to   space 44032K, 0% used [0x00000000e3a00000,0x00000000e3a00000,0x00000000e6500000)
 ParOldGen       total 252928K, used 140127K [0x0000000084e00000, 0x0000000094500000, 0x00000000d6f80000)
  object space 252928K, 55% used [0x0000000084e00000,0x000000008d6d7dc0,0x0000000094500000)
 Metaspace       used 14759K, capacity 14940K, committed 15232K, reserved 1062912K
  class space    used 1512K, capacity 1612K, committed 1664K, reserved 1048576K
GC Heap History (10 events):
Event: 50065.285 GC heap before
{Heap before GC invocations=21 (full 2):
 PSYoungGen      total 224256K, used 221901K [0x00000000d6f80000, 0x00000000e7780000, 0x0000000100000000)
  eden space 194560K, 100% used [0x00000000d6f80000,0x00000000e2d80000,0x00000000e2d80000)
  from space 29696K, 92% used [0x00000000e5a80000,0x00000000e7533738,0x00000000e7780000)
  to   space 37888K, 0% used [0x00000000e2d80000,0x00000000e2d80000,0x00000000e5280000)
 ParOldGen       total 252928K, used 112740K [0x0000000084e00000, 0x0000000094500000, 0x00000000d6f80000)
  object space 252928K, 44% used [0x0000000084e00000,0x000000008bc192e0,0x0000000094500000)
 Metaspace       used 14750K, capacity 14940K, committed 15232K, reserved 1062912K
  class space    used 1511K, capacity 1612K, committed 1664K, reserved 1048576K
Event: 50065.304 GC heap after
Heap after GC invocations=21 (full 2):
 PSYoungGen      total 215552K, used 27309K [0x00000000d6f80000, 0x00000000e6f00000, 0x0000000100000000)
  eden space 187904K, 0% used [0x00000000d6f80000,0x00000000d6f80000,0x00000000e2700000)
  from space 27648K, 98% used [0x00000000e2d80000,0x00000000e482b738,0x00000000e4880000)
  to   space 36864K, 0% used [0x00000000e4b00000,0x00000000e4b00000,0x00000000e6f00000)
 ParOldGen       total 252928K, used 112740K [0x0000000084e00000, 0x0000000094500000, 0x00000000d6f80000)
  object space 252928K, 44% used [0x0000000084e00000,0x000000008bc192e0,0x0000000094500000)
 Metaspace       used 14750K, capacity 14940K, committed 15232K, reserved 1062912K
  class space    used 1511K, capacity 1612K, committed 1664K, reserved 1048576K
}
Event: 60275.253 GC heap before
{Heap before GC invocations=22 (full 2):
 PSYoungGen      total 215552K, used 215213K [0x00000000d6f80000, 0x00000000e6f00000, 0x0000000100000000)
  eden space 187904K, 100% used [0x00000000d6f80000,0x00000000e2700000,0x00000000e2700000)
  from space 27648K, 98% used [0x00000000e2d80000,0x00000000e482b738,0x00000000e4880000)
  to   space 36864K, 0% used [0x00000000e4b00000,0x00000000e4b00000,0x00000000e6f00000)
 ParOldGen       total 252928K, used 112740K [0x0000000084e00000, 0x0000000094500000, 0x00000000d6f80000)
  object space 252928K, 44% used [0x0000000084e00000,0x000000008bc192e0,0x0000000094500000)
 Metaspace       used 14750K, capacity 14940K, committed 15232K, reserved 1062912K
  class space    used 1511K, capacity 1612K, committed 1664K, reserved 1048576K
Event: 60275.269 GC heap after
Heap after GC invocations=22 (full 2):
 PSYoungGen      total 209408K, used 27323K [0x00000000d6f80000, 0x00000000e6680000, 0x0000000100000000)
  eden space 181248K, 0% used [0x00000000d6f80000,0x00000000d6f80000,0x00000000e2080000)
  from space 28160K, 97% used [0x00000000e4b00000,0x00000000e65aef18,0x00000000e6680000)
  to   space 35840K, 0% used [0x00000000e2080000,0x00000000e2080000,0x00000000e4380000)
 ParOldGen       total 252928K, used 112740K [0x0000000084e00000, 0x0000000094500000, 0x00000000d6f80000)
  object space 252928K, 44% used [0x0000000084e00000,0x000000008bc192e0,0x0000000094500000)
 Metaspace       used 14750K, capacity 14940K, committed 15232K, reserved 1062912K
  class space    used 1511K, capacity 1612K, committed 1664K, reserved 1048576K
}
Event: 70039.204 GC heap before
{Heap before GC invocations=23 (full 2):
 PSYoungGen      total 209408K, used 208571K [0x00000000d6f80000, 0x00000000e6680000, 0x0000000100000000)
  eden space 181248K, 100% used [0x00000000d6f80000,0x00000000e2080000,0x00000000e2080000)
  from space 28160K, 97% used [0x00000000e4b00000,0x00000000e65aef18,0x00000000e6680000)
  to   space 35840K, 0% used [0x00000000e2080000,0x00000000e2080000,0x00000000e4380000)
 ParOldGen       total 252928K, used 112740K [0x0000000084e00000, 0x0000000094500000, 0x00000000d6f80000)
  object space 252928K, 44% used [0x0000000084e00000,0x000000008bc192e0,0x0000000094500000)
 Metaspace       used 14750K, capacity 14940K, committed 15232K, reserved 1062912K
  class space    used 1511K, capacity 1612K, committed 1664K, reserved 1048576K
Event: 70039.224 GC heap after
Heap after GC invocations=23 (full 2):
 PSYoungGen      total 175616K, used 128K [0x00000000d6f80000, 0x00000000e6780000, 0x0000000100000000)
  eden space 175104K, 0% used [0x00000000d6f80000,0x00000000d6f80000,0x00000000e1a80000)
  from space 512K, 25% used [0x00000000e2080000,0x00000000e20a0000,0x00000000e2100000)
  to   space 39424K, 0% used [0x00000000e4100000,0x00000000e4100000,0x00000000e6780000)
 ParOldGen       total 252928K, used 140103K [0x0000000084e00000, 0x0000000094500000, 0x00000000d6f80000)
  object space 252928K, 55% used [0x0000000084e00000,0x000000008d6d1dc0,0x0000000094500000)
 Metaspace       used 14750K, capacity 14940K, committed 15232K, reserved 1062912K
  class space    used 1511K, capacity 1612K, committed 1664K, reserved 1048576K
}
Event: 79542.282 GC heap before
{Heap before GC invocations=24 (full 2):
 PSYoungGen      total 175616K, used 175232K [0x00000000d6f80000, 0x00000000e6780000, 0x0000000100000000)
  eden space 175104K, 100% used [0x00000000d6f80000,0x00000000e1a80000,0x00000000e1a80000)
  from space 512K, 25% used [0x00000000e2080000,0x00000000e20a0000,0x00000000e2100000)
  to   space 39424K, 0% used [0x00000000e4100000,0x00000000e4100000,0x00000000e6780000)
 ParOldGen       total 252928K, used 140103K [0x0000000084e00000, 0x0000000094500000, 0x00000000d6f80000)
  object space 252928K, 55% used [0x0000000084e00000,0x000000008d6d1dc0,0x0000000094500000)
 Metaspace       used 14750K, capacity 14940K, committed 15232K, reserved 1062912K
  class space    used 1511K, capacity 1612K, committed 1664K, reserved 1048576K
Event: 79542.285 GC heap after
Heap after GC invocations=24 (full 2):
 PSYoungGen      total 208384K, used 128K [0x00000000d6f80000, 0x00000000e6780000, 0x0000000100000000)
  eden space 168960K, 0% used [0x00000000d6f80000,0x00000000d6f80000,0x00000000e1480000)
  from space 39424K, 0% used [0x00000000e4100000,0x00000000e4120000,0x00000000e6780000)
  to   space 42496K, 0% used [0x00000000e1480000,0x00000000e1480000,0x00000000e3e00000)
 ParOldGen       total 252928K, used 140127K [0x0000000084e00000, 0x0000000094500000, 0x00000000d6f80000)
  object space 252928K, 55% used [0x0000000084e00000,0x000000008d6d7dc0,0x0000000094500000)
 Metaspace       used 14750K, capacity 14940K, committed 15232K, reserved 1062912K
  class space    used 1511K, capacity 1612K, committed 1664K, reserved 1048576K
}
Event: 88697.202 GC heap before
{Heap before GC invocations=25 (full 2):
 PSYoungGen      total 208384K, used 169088K [0x00000000d6f80000, 0x00000000e6780000, 0x0000000100000000)
  eden space 168960K, 100% used [0x00000000d6f80000,0x00000000e1480000,0x00000000e1480000)
  from space 39424K, 0% used [0x00000000e4100000,0x00000000e4120000,0x00000000e6780000)
  to   space 42496K, 0% used [0x00000000e1480000,0x00000000e1480000,0x00000000e3e00000)
 ParOldGen       total 252928K, used 140127K [0x0000000084e00000, 0x0000000094500000, 0x00000000d6f80000)
  object space 252928K, 55% used [0x0000000084e00000,0x000000008d6d7dc0,0x0000000094500000)
 Metaspace       used 14750K, capacity 14940K, committed 15232K, reserved 1062912K
  class space    used 1511K, capacity 1612K, committed 1664K, reserved 1048576K
Event: 88697.204 GC heap after
Heap after GC invocations=25 (full 2):
 PSYoungGen      total 163840K, used 128K [0x00000000d6f80000, 0x00000000e6500000, 0x0000000100000000)
  eden space 163328K, 0% used [0x00000000d6f80000,0x00000000d6f80000,0x00000000e0f00000)
  from space 512K, 25% used [0x00000000e1480000,0x00000000e14a0000,0x00000000e1500000)
  to   space 44032K, 0% used [0x00000000e3a00000,0x00000000e3a00000,0x00000000e6500000)
 ParOldGen       total 252928K, used 140127K [0x0000000084e00000, 0x0000000094500000, 0x00000000d6f80000)
  object space 252928K, 55% used [0x0000000084e00000,0x000000008d6d7dc0,0x0000000094500000)
 Metaspace       used 14750K, capacity 14940K, committed 15232K, reserved 1062912K
  class space    used 1511K, capacity 1612K, committed 1664K, reserved 1048576K
}

