# JRE version: Java(TM) SE Runtime Environment (8.0_171-b11) (build 1.8.0_171-b11)
# Java VM: Java HotSpot(TM) 64-Bit Server VM (25.171-b11 mixed mode linux-amd64 compressed oops)
Heap:
 PSYoungGen      total 331776K, used 160756K [0x00000000d6f80000, 0x00000000f8d80000, 0x0000000100000000)
  eden space 171008K, 0% used [0x00000000d6f80000,0x00000000d6f80000,0x00000000e1680000)
  from space 160768K, 99% used [0x00000000ef080000,0x00000000f8d7d348,0x00000000f8d80000)
  to   space 105984K, 0% used [0x00000000e1680000,0x00000000e1680000,0x00000000e7e00000)
 ParOldGen       total 302592K, used 254202K [0x0000000084e00000, 0x0000000097580000, 0x00000000d6f80000)
  object space 302592K, 84% used [0x0000000084e00000,0x000000009463ea40,0x0000000097580000)
 Metaspace       used 12241K, capacity 12460K, committed 12672K, reserved 1060864K
  class space    used 1296K, capacity 1384K, committed 1408K, reserved 1048576K
GC Heap History (10 events):
Event: 1.587 GC heap after
Heap after GC invocations=5 (full 1):
 PSYoungGen      total 132096K, used 0K [0x00000000d6f80000, 0x00000000df580000, 0x0000000100000000)
  eden space 126976K, 0% used [0x00000000d6f80000,0x00000000d6f80000,0x00000000deb80000)
  from space 5120K, 0% used [0x00000000df080000,0x00000000df080000,0x00000000df580000)
  to   space 5120K, 0% used [0x00000000deb80000,0x00000000deb80000,0x00000000df080000)
 ParOldGen       total 159744K, used 67729K [0x0000000084e00000, 0x000000008ea00000, 0x00000000d6f80000)
  object space 159744K, 42% used [0x0000000084e00000,0x00000000890244c0,0x000000008ea00000)
 Metaspace       used 11276K, capacity 11564K, committed 11904K, reserved 1060864K
  class space    used 1199K, capacity 1320K, committed 1408K, reserved 1048576K
}
Event: 1.701 GC heap before
{Heap before GC invocations=6 (full 1):
 PSYoungGen      total 132096K, used 126976K [0x00000000d6f80000, 0x00000000df580000, 0x0000000100000000)
  eden space 126976K, 100% used [0x00000000d6f80000,0x00000000deb80000,0x00000000deb80000)
  from space 5120K, 0% used [0x00000000df080000,0x00000000df080000,0x00000000df580000)
  to   space 5120K, 0% used [0x00000000deb80000,0x00000000deb80000,0x00000000df080000)
 ParOldGen       total 159744K, used 67729K [0x0000000084e00000, 0x000000008ea00000, 0x00000000d6f80000)
  object space 159744K, 42% used [0x0000000084e00000,0x00000000890244c0,0x000000008ea00000)
 Metaspace       used 11337K, capacity 11564K, committed 11904K, reserved 1060864K
  class space    used 1200K, capacity 1320K, committed 1408K, reserved 1048576K
Event: 1.806 GC heap after
Heap after GC invocations=6 (full 1):
 PSYoungGen      total 132096K, used 5109K [0x00000000d6f80000, 0x00000000ee380000, 0x0000000100000000)
  eden space 126976K, 0% used [0x00000000d6f80000,0x00000000d6f80000,0x00000000deb80000)
  from space 5120K, 99% used [0x00000000deb80000,0x00000000df07d460,0x00000000df080000)
  to   space 87040K, 0% used [0x00000000e8e80000,0x00000000e8e80000,0x00000000ee380000)
 ParOldGen       total 159744K, used 147388K [0x0000000084e00000, 0x000000008ea00000, 0x00000000d6f80000)
  object space 159744K, 92% used [0x0000000084e00000,0x000000008ddef360,0x000000008ea00000)
 Metaspace       used 11337K, capacity 11564K, committed 11904K, reserved 1060864K
  class space    used 1200K, capacity 1320K, committed 1408K, reserved 1048576K
}
Event: 1.806 GC heap before
{Heap before GC invocations=7 (full 2):
 PSYoungGen      total 132096K, used 5109K [0x00000000d6f80000, 0x00000000ee380000, 0x0000000100000000)
  eden space 126976K, 0% used [0x00000000d6f80000,0x00000000d6f80000,0x00000000deb80000)
  from space 5120K, 99% used [0x00000000deb80000,0x00000000df07d460,0x00000000df080000)
  to   space 87040K, 0% used [0x00000000e8e80000,0x00000000e8e80000,0x00000000ee380000)
 ParOldGen       total 159744K, used 147388K [0x0000000084e00000, 0x000000008ea00000, 0x00000000d6f80000)
  object space 159744K, 92% used [0x0000000084e00000,0x000000008ddef360,0x000000008ea00000)
 Metaspace       used 11337K, capacity 11564K, committed 11904K, reserved 1060864K
  class space    used 1200K, capacity 1320K, committed 1408K, reserved 1048576K
Event: 2.053 GC heap after
Heap after GC invocations=7 (full 2):
 PSYoungGen      total 132096K, used 0K [0x00000000d6f80000, 0x00000000ee380000, 0x0000000100000000)
  eden space 126976K, 0% used [0x00000000d6f80000,0x00000000d6f80000,0x00000000deb80000)
  from space 5120K, 0% used [0x00000000deb80000,0x00000000deb80000,0x00000000df080000)
  to   space 87040K, 0% used [0x00000000e8e80000,0x00000000e8e80000,0x00000000ee380000)
 ParOldGen       total 302592K, used 144193K [0x0000000084e00000, 0x0000000097580000, 0x00000000d6f80000)
  object space 302592K, 47% used [0x0000000084e00000,0x000000008dad0588,0x0000000097580000)
 Metaspace       used 11337K, capacity 11564K, committed 11904K, reserved 1060864K
  class space    used 1200K, capacity 1320K, committed 1408K, reserved 1048576K
}
Event: 2.210 GC heap before
{Heap before GC invocations=8 (full 2):
 PSYoungGen      total 132096K, used 126976K [0x00000000d6f80000, 0x00000000ee380000, 0x0000000100000000)
  eden space 126976K, 100% used [0x00000000d6f80000,0x00000000deb80000,0x00000000deb80000)
  from space 5120K, 0% used [0x00000000deb80000,0x00000000deb80000,0x00000000df080000)
  to   space 87040K, 0% used [0x00000000e8e80000,0x00000000e8e80000,0x00000000ee380000)
 ParOldGen       total 302592K, used 144193K [0x0000000084e00000, 0x0000000097580000, 0x00000000d6f80000)
  object space 302592K, 47% used [0x0000000084e00000,0x000000008dad0588,0x0000000097580000)
 Metaspace       used 11369K, capacity 11628K, committed 11904K, reserved 1060864K
  class space    used 1204K, capacity 1320K, committed 1408K, reserved 1048576K
Event: 2.296 GC heap after
Heap after GC invocations=8 (full 2):
 PSYoungGen      total 258048K, used 80969K [0x00000000d6f80000, 0x00000000ee580000, 0x0000000100000000)
  eden space 171008K, 0% used [0x00000000d6f80000,0x00000000d6f80000,0x00000000e1680000)
  from space 87040K, 93% used [0x00000000e8e80000,0x00000000edd927a0,0x00000000ee380000)
  to   space 105984K, 0% used [0x00000000e1680000,0x00000000e1680000,0x00000000e7e00000)
 ParOldGen       total 302592K, used 144193K [0x0000000084e00000, 0x0000000097580000, 0x00000000d6f80000)
  object space 302592K, 47% used [0x0000000084e00000,0x000000008dad0588,0x0000000097580000)
 Metaspace       used 11369K, capacity 11628K, committed 11904K, reserved 1060864K
  class space    used 1204K, capacity 1320K, committed 1408K, reserved 1048576K
}
Event: 3.018 GC heap before
{Heap before GC invocations=9 (full 2):
 PSYoungGen      total 258048K, used 251977K [0x00000000d6f80000, 0x00000000ee580000, 0x0000000100000000)
  eden space 171008K, 100% used [0x00000000d6f80000,0x00000000e1680000,0x00000000e1680000)
  from space 87040K, 93% used [0x00000000e8e80000,0x00000000edd927a0,0x00000000ee380000)
  to   space 105984K, 0% used [0x00000000e1680000,0x00000000e1680000,0x00000000e7e00000)
 ParOldGen       total 302592K, used 144193K [0x0000000084e00000, 0x0000000097580000, 0x00000000d6f80000)
  object space 302592K, 47% used [0x0000000084e00000,0x000000008dad0588,0x0000000097580000)
 Metaspace       used 12240K, capacity 12460K, committed 12672K, reserved 1060864K
  class space    used 1296K, capacity 1384K, committed 1408K, reserved 1048576K
Event: 3.216 GC heap after
Heap after GC invocations=9 (full 2):
 PSYoungGen      total 276992K, used 105954K [0x00000000d6f80000, 0x00000000f8d80000, 0x0000000100000000)
  eden space 171008K, 0% used [0x00000000d6f80000,0x00000000d6f80000,0x00000000e1680000)
  from space 105984K, 99% used [0x00000000e1680000,0x00000000e7df8ae0,0x00000000e7e00000)
  to   space 160768K, 0% used [0x00000000ef080000,0x00000000ef080000,0x00000000f8d80000)
 ParOldGen       total 302592K, used 205297K [0x0000000084e00000, 0x0000000097580000, 0x00000000d6f80000)
  object space 302592K, 67% used [0x0000000084e00000,0x000000009167c7c8,0x0000000097580000)
 Metaspace       used 12240K, capacity 12460K, committed 12672K, reserved 1060864K
  class space    used 1296K, capacity 1384K, committed 1408K, reserved 1048576K
}
Event: 3.435 GC heap before
{Heap before GC invocations=10 (full 2):
 PSYoungGen      total 276992K, used 276962K [0x00000000d6f80000, 0x00000000f8d80000, 0x0000000100000000)
  eden space 171008K, 100% used [0x00000000d6f80000,0x00000000e1680000,0x00000000e1680000)
  from space 105984K, 99% used [0x00000000e1680000,0x00000000e7df8ae0,0x00000000e7e00000)
  to   space 160768K, 0% used [0x00000000ef080000,0x00000000ef080000,0x00000000f8d80000)
 ParOldGen       total 302592K, used 205297K [0x0000000084e00000, 0x0000000097580000, 0x00000000d6f80000)
  object space 302592K, 67% used [0x0000000084e00000,0x000000009167c7c8,0x0000000097580000)
 Metaspace       used 12241K, capacity 12460K, committed 12672K, reserved 1060864K
  class space    used 1296K, capacity 1384K, committed 1408K, reserved 1048576K

