# JRE version: Java(TM) SE Runtime Environment (8.0_171-b11) (build 1.8.0_171-b11)
# Java VM: Java HotSpot(TM) 64-Bit Server VM (25.171-b11 mixed mode linux-amd64 compressed oops)
Heap:
 PSYoungGen      total 270336K, used 103416K [0x00000000d6f80000, 0x00000000edc80000, 0x0000000100000000)
  eden space 166912K, 0% used [0x00000000d6f80000,0x00000000d6f80000,0x00000000e1280000)
  from space 103424K, 99% used [0x00000000e1280000,0x00000000e777e248,0x00000000e7780000)
  to   space 83968K, 0% used [0x00000000e7f80000,0x00000000e7f80000,0x00000000ed180000)
 ParOldGen       total 296448K, used 198890K [0x0000000084e00000, 0x0000000096f80000, 0x00000000d6f80000)
  object space 296448K, 67% used [0x0000000084e00000,0x000000009103a8c0,0x0000000096f80000)
 Metaspace       used 12209K, capacity 12396K, committed 12672K, reserved 1060864K
  class space    used 1297K, capacity 1384K, committed 1408K, reserved 1048576K
GC Heap History (10 events):
Event: 1.476 GC heap after
Heap after GC invocations=4 (full 0):
 PSYoungGen      total 132096K, used 5120K [0x00000000d6f80000, 0x00000000df580000, 0x0000000100000000)
  eden space 126976K, 0% used [0x00000000d6f80000,0x00000000d6f80000,0x00000000deb80000)
  from space 5120K, 100% used [0x00000000df080000,0x00000000df580000,0x00000000df580000)
  to   space 5120K, 0% used [0x00000000deb80000,0x00000000deb80000,0x00000000df080000)
 ParOldGen       total 84992K, used 66665K [0x0000000084e00000, 0x000000008a100000, 0x00000000d6f80000)
  object space 84992K, 78% used [0x0000000084e00000,0x0000000088f1a6f0,0x000000008a100000)
 Metaspace       used 11271K, capacity 11564K, committed 11904K, reserved 1060864K
  class space    used 1201K, capacity 1320K, committed 1408K, reserved 1048576K
}
Event: 1.476 GC heap before
{Heap before GC invocations=5 (full 1):
 PSYoungGen      total 132096K, used 5120K [0x00000000d6f80000, 0x00000000df580000, 0x0000000100000000)
  eden space 126976K, 0% used [0x00000000d6f80000,0x00000000d6f80000,0x00000000deb80000)
  from space 5120K, 100% used [0x00000000df080000,0x00000000df580000,0x00000000df580000)
  to   space 5120K, 0% used [0x00000000deb80000,0x00000000deb80000,0x00000000df080000)
 ParOldGen       total 84992K, used 66665K [0x0000000084e00000, 0x000000008a100000, 0x00000000d6f80000)
  object space 84992K, 78% used [0x0000000084e00000,0x0000000088f1a6f0,0x000000008a100000)
 Metaspace       used 11271K, capacity 11564K, committed 11904K, reserved 1060864K
  class space    used 1201K, capacity 1320K, committed 1408K, reserved 1048576K
Event: 1.636 GC heap after
Heap after GC invocations=5 (full 1):
 PSYoungGen      total 132096K, used 0K [0x00000000d6f80000, 0x00000000df580000, 0x0000000100000000)
  eden space 126976K, 0% used [0x00000000d6f80000,0x00000000d6f80000,0x00000000deb80000)
  from space 5120K, 0% used [0x00000000df080000,0x00000000df080000,0x00000000df580000)
  to   space 5120K, 0% used [0x00000000deb80000,0x00000000deb80000,0x00000000df080000)
 ParOldGen       total 151552K, used 64885K [0x0000000084e00000, 0x000000008e200000, 0x00000000d6f80000)
  object space 151552K, 42% used [0x0000000084e00000,0x0000000088d5d770,0x000000008e200000)
 Metaspace       used 11271K, capacity 11564K, committed 11904K, reserved 1060864K
  class space    used 1201K, capacity 1320K, committed 1408K, reserved 1048576K
}
Event: 1.810 GC heap before
{Heap before GC invocations=6 (full 1):
 PSYoungGen      total 132096K, used 126976K [0x00000000d6f80000, 0x00000000df580000, 0x0000000100000000)
  eden space 126976K, 100% used [0x00000000d6f80000,0x00000000deb80000,0x00000000deb80000)
  from space 5120K, 0% used [0x00000000df080000,0x00000000df080000,0x00000000df580000)
  to   space 5120K, 0% used [0x00000000deb80000,0x00000000deb80000,0x00000000df080000)
 ParOldGen       total 151552K, used 64885K [0x0000000084e00000, 0x000000008e200000, 0x00000000d6f80000)
  object space 151552K, 42% used [0x0000000084e00000,0x0000000088d5d770,0x000000008e200000)
 Metaspace       used 11332K, capacity 11564K, committed 11904K, reserved 1060864K
  class space    used 1201K, capacity 1320K, committed 1408K, reserved 1048576K
Event: 1.884 GC heap after
Heap after GC invocations=6 (full 1):
 PSYoungGen      total 132096K, used 5109K [0x00000000d6f80000, 0x00000000ed180000, 0x0000000100000000)
  eden space 126976K, 0% used [0x00000000d6f80000,0x00000000d6f80000,0x00000000deb80000)
  from space 5120K, 99% used [0x00000000deb80000,0x00000000df07d460,0x00000000df080000)
  to   space 83968K, 0% used [0x00000000e7f80000,0x00000000e7f80000,0x00000000ed180000)
 ParOldGen       total 151552K, used 140648K [0x0000000084e00000, 0x000000008e200000, 0x00000000d6f80000)
  object space 151552K, 92% used [0x0000000084e00000,0x000000008d75a268,0x000000008e200000)
 Metaspace       used 11332K, capacity 11564K, committed 11904K, reserved 1060864K
  class space    used 1201K, capacity 1320K, committed 1408K, reserved 1048576K
}
Event: 1.884 GC heap before
{Heap before GC invocations=7 (full 2):
 PSYoungGen      total 132096K, used 5109K [0x00000000d6f80000, 0x00000000ed180000, 0x0000000100000000)
  eden space 126976K, 0% used [0x00000000d6f80000,0x00000000d6f80000,0x00000000deb80000)
  from space 5120K, 99% used [0x00000000deb80000,0x00000000df07d460,0x00000000df080000)
  to   space 83968K, 0% used [0x00000000e7f80000,0x00000000e7f80000,0x00000000ed180000)
 ParOldGen       total 151552K, used 140648K [0x0000000084e00000, 0x000000008e200000, 0x00000000d6f80000)
  object space 151552K, 92% used [0x0000000084e00000,0x000000008d75a268,0x000000008e200000)
 Metaspace       used 11332K, capacity 11564K, committed 11904K, reserved 1060864K
  class space    used 1201K, capacity 1320K, committed 1408K, reserved 1048576K
Event: 2.129 GC heap after
Heap after GC invocations=7 (full 2):
 PSYoungGen      total 132096K, used 0K [0x00000000d6f80000, 0x00000000ed180000, 0x0000000100000000)
  eden space 126976K, 0% used [0x00000000d6f80000,0x00000000d6f80000,0x00000000deb80000)
  from space 5120K, 0% used [0x00000000deb80000,0x00000000deb80000,0x00000000df080000)
  to   space 83968K, 0% used [0x00000000e7f80000,0x00000000e7f80000,0x00000000ed180000)
 ParOldGen       total 296448K, used 137791K [0x0000000084e00000, 0x0000000096f80000, 0x00000000d6f80000)
  object space 296448K, 46% used [0x0000000084e00000,0x000000008d48fdb0,0x0000000096f80000)
 Metaspace       used 11332K, capacity 11564K, committed 11904K, reserved 1060864K
  class space    used 1201K, capacity 1320K, committed 1408K, reserved 1048576K
}
Event: 2.267 GC heap before
{Heap before GC invocations=8 (full 2):
 PSYoungGen      total 132096K, used 126976K [0x00000000d6f80000, 0x00000000ed180000, 0x0000000100000000)
  eden space 126976K, 100% used [0x00000000d6f80000,0x00000000deb80000,0x00000000deb80000)
  from space 5120K, 0% used [0x00000000deb80000,0x00000000deb80000,0x00000000df080000)
  to   space 83968K, 0% used [0x00000000e7f80000,0x00000000e7f80000,0x00000000ed180000)
 ParOldGen       total 296448K, used 137791K [0x0000000084e00000, 0x0000000096f80000, 0x00000000d6f80000)
  object space 296448K, 46% used [0x0000000084e00000,0x000000008d48fdb0,0x0000000096f80000)
 Metaspace       used 11364K, capacity 11628K, committed 11904K, reserved 1060864K
  class space    used 1205K, capacity 1320K, committed 1408K, reserved 1048576K
Event: 2.368 GC heap after
Heap after GC invocations=8 (full 2):
 PSYoungGen      total 250880K, used 79412K [0x00000000d6f80000, 0x00000000edc80000, 0x0000000100000000)
  eden space 166912K, 0% used [0x00000000d6f80000,0x00000000d6f80000,0x00000000e1280000)
  from space 83968K, 94% used [0x00000000e7f80000,0x00000000ecd0d340,0x00000000ed180000)
  to   space 103424K, 0% used [0x00000000e1280000,0x00000000e1280000,0x00000000e7780000)
 ParOldGen       total 296448K, used 137791K [0x0000000084e00000, 0x0000000096f80000, 0x00000000d6f80000)
  object space 296448K, 46% used [0x0000000084e00000,0x000000008d48fdb0,0x0000000096f80000)
 Metaspace       used 11364K, capacity 11628K, committed 11904K, reserved 1060864K
  class space    used 1205K, capacity 1320K, committed 1408K, reserved 1048576K
}
Event: 3.323 GC heap before
{Heap before GC invocations=9 (full 2):
 PSYoungGen      total 250880K, used 246324K [0x00000000d6f80000, 0x00000000edc80000, 0x0000000100000000)
  eden space 166912K, 100% used [0x00000000d6f80000,0x00000000e1280000,0x00000000e1280000)
  from space 83968K, 94% used [0x00000000e7f80000,0x00000000ecd0d340,0x00000000ed180000)
  to   space 103424K, 0% used [0x00000000e1280000,0x00000000e1280000,0x00000000e7780000)
 ParOldGen       total 296448K, used 137791K [0x0000000084e00000, 0x0000000096f80000, 0x00000000d6f80000)
  object space 296448K, 46% used [0x0000000084e00000,0x000000008d48fdb0,0x0000000096f80000)
 Metaspace       used 12209K, capacity 12396K, committed 12672K, reserved 1060864K
  class space    used 1297K, capacity 1384K, committed 1408K, reserved 1048576K

