# JRE version: Java(TM) SE Runtime Environment (8.0_171-b11) (build 1.8.0_171-b11)
# Java VM: Java HotSpot(TM) 64-Bit Server VM (25.171-b11 mixed mode linux-amd64 compressed oops)
Heap:
 PSYoungGen      total 261632K, used 105959K [0x00000000d6f80000, 0x00000000ed780000, 0x0000000100000000)
  eden space 155648K, 0% used [0x00000000d6f80000,0x00000000d6f80000,0x00000000e0780000)
  from space 105984K, 99% used [0x00000000e0780000,0x00000000e6ef9c10,0x00000000e6f00000)
  to   space 86528K, 0% used [0x00000000e6f00000,0x00000000e6f00000,0x00000000ec380000)
 ParOldGen       total 261632K, used 204609K [0x0000000084e00000, 0x0000000094d80000, 0x00000000d6f80000)
  object space 261632K, 78% used [0x0000000084e00000,0x00000000915d0468,0x0000000094d80000)
 Metaspace       used 12224K, capacity 12396K, committed 12672K, reserved 1060864K
  class space    used 1297K, capacity 1384K, committed 1408K, reserved 1048576K
GC Heap History (10 events):
Event: 1.723 GC heap after
Heap after GC invocations=6 (full 1):
 PSYoungGen      total 68608K, used 0K [0x00000000d6f80000, 0x00000000e3b80000, 0x0000000100000000)
  eden space 63488K, 0% used [0x00000000d6f80000,0x00000000d6f80000,0x00000000dad80000)
  from space 5120K, 0% used [0x00000000dad80000,0x00000000dad80000,0x00000000db280000)
  to   space 40960K, 0% used [0x00000000e1380000,0x00000000e1380000,0x00000000e3b80000)
 ParOldGen       total 144896K, used 65695K [0x0000000084e00000, 0x000000008db80000, 0x00000000d6f80000)
  object space 144896K, 45% used [0x0000000084e00000,0x0000000088e27c78,0x000000008db80000)
 Metaspace       used 11265K, capacity 11564K, committed 11904K, reserved 1060864K
  class space    used 1201K, capacity 1320K, committed 1408K, reserved 1048576K
}
Event: 1.790 GC heap before
{Heap before GC invocations=7 (full 1):
 PSYoungGen      total 68608K, used 63488K [0x00000000d6f80000, 0x00000000e3b80000, 0x0000000100000000)
  eden space 63488K, 100% used [0x00000000d6f80000,0x00000000dad80000,0x00000000dad80000)
  from space 5120K, 0% used [0x00000000dad80000,0x00000000dad80000,0x00000000db280000)
  to   space 40960K, 0% used [0x00000000e1380000,0x00000000e1380000,0x00000000e3b80000)
 ParOldGen       total 144896K, used 65695K [0x0000000084e00000, 0x000000008db80000, 0x00000000d6f80000)
  object space 144896K, 45% used [0x0000000084e00000,0x0000000088e27c78,0x000000008db80000)
 Metaspace       used 11326K, capacity 11564K, committed 11904K, reserved 1060864K
  class space    used 1201K, capacity 1320K, committed 1408K, reserved 1048576K
Event: 1.838 GC heap after
Heap after GC invocations=7 (full 1):
 PSYoungGen      total 143360K, used 40116K [0x00000000d6f80000, 0x00000000e3b00000, 0x0000000100000000)
  eden space 102912K, 0% used [0x00000000d6f80000,0x00000000d6f80000,0x00000000dd400000)
  from space 40448K, 99% used [0x00000000e1380000,0x00000000e3aad180,0x00000000e3b00000)
  to   space 50688K, 0% used [0x00000000dd800000,0x00000000dd800000,0x00000000e0980000)
 ParOldGen       total 144896K, used 65695K [0x0000000084e00000, 0x000000008db80000, 0x00000000d6f80000)
  object space 144896K, 45% used [0x0000000084e00000,0x0000000088e27c78,0x000000008db80000)
 Metaspace       used 11326K, capacity 11564K, committed 11904K, reserved 1060864K
  class space    used 1201K, capacity 1320K, committed 1408K, reserved 1048576K
}
Event: 2.041 GC heap before
{Heap before GC invocations=8 (full 1):
 PSYoungGen      total 143360K, used 143028K [0x00000000d6f80000, 0x00000000e3b00000, 0x0000000100000000)
  eden space 102912K, 100% used [0x00000000d6f80000,0x00000000dd400000,0x00000000dd400000)
  from space 40448K, 99% used [0x00000000e1380000,0x00000000e3aad180,0x00000000e3b00000)
  to   space 50688K, 0% used [0x00000000dd800000,0x00000000dd800000,0x00000000e0980000)
 ParOldGen       total 144896K, used 65695K [0x0000000084e00000, 0x000000008db80000, 0x00000000d6f80000)
  object space 144896K, 45% used [0x0000000084e00000,0x0000000088e27c78,0x000000008db80000)
 Metaspace       used 11358K, capacity 11628K, committed 11904K, reserved 1060864K
  class space    used 1205K, capacity 1320K, committed 1408K, reserved 1048576K
Event: 2.166 GC heap after
Heap after GC invocations=8 (full 1):
 PSYoungGen      total 157696K, used 50680K [0x00000000d6f80000, 0x00000000ec380000, 0x0000000100000000)
  eden space 107008K, 0% used [0x00000000d6f80000,0x00000000d6f80000,0x00000000dd800000)
  from space 50688K, 99% used [0x00000000dd800000,0x00000000e097e180,0x00000000e0980000)
  to   space 86528K, 0% used [0x00000000e6f00000,0x00000000e6f00000,0x00000000ec380000)
 ParOldGen       total 144896K, used 114369K [0x0000000084e00000, 0x000000008db80000, 0x00000000d6f80000)
  object space 144896K, 78% used [0x0000000084e00000,0x000000008bdb0538,0x000000008db80000)
 Metaspace       used 11358K, capacity 11628K, committed 11904K, reserved 1060864K
  class space    used 1205K, capacity 1320K, committed 1408K, reserved 1048576K
}
Event: 2.166 GC heap before
{Heap before GC invocations=9 (full 2):
 PSYoungGen      total 157696K, used 50680K [0x00000000d6f80000, 0x00000000ec380000, 0x0000000100000000)
  eden space 107008K, 0% used [0x00000000d6f80000,0x00000000d6f80000,0x00000000dd800000)
  from space 50688K, 99% used [0x00000000dd800000,0x00000000e097e180,0x00000000e0980000)
  to   space 86528K, 0% used [0x00000000e6f00000,0x00000000e6f00000,0x00000000ec380000)
 ParOldGen       total 144896K, used 114369K [0x0000000084e00000, 0x000000008db80000, 0x00000000d6f80000)
  object space 144896K, 78% used [0x0000000084e00000,0x000000008bdb0538,0x000000008db80000)
 Metaspace       used 11358K, capacity 11628K, committed 11904K, reserved 1060864K
  class space    used 1205K, capacity 1320K, committed 1408K, reserved 1048576K
Event: 2.477 GC heap after
Heap after GC invocations=9 (full 2):
 PSYoungGen      total 157696K, used 12242K [0x00000000d6f80000, 0x00000000ec380000, 0x0000000100000000)
  eden space 107008K, 0% used [0x00000000d6f80000,0x00000000d6f80000,0x00000000dd800000)
  from space 50688K, 24% used [0x00000000dd800000,0x00000000de3f4b88,0x00000000e0980000)
  to   space 86528K, 0% used [0x00000000e6f00000,0x00000000e6f00000,0x00000000ec380000)
 ParOldGen       total 261632K, used 144601K [0x0000000084e00000, 0x0000000094d80000, 0x00000000d6f80000)
  object space 261632K, 55% used [0x0000000084e00000,0x000000008db36468,0x0000000094d80000)
 Metaspace       used 11358K, capacity 11628K, committed 11904K, reserved 1060864K
  class space    used 1205K, capacity 1320K, committed 1408K, reserved 1048576K
}
Event: 2.573 GC heap before
{Heap before GC invocations=10 (full 2):
 PSYoungGen      total 157696K, used 119250K [0x00000000d6f80000, 0x00000000ec380000, 0x0000000100000000)
  eden space 107008K, 100% used [0x00000000d6f80000,0x00000000dd800000,0x00000000dd800000)
  from space 50688K, 24% used [0x00000000dd800000,0x00000000de3f4b88,0x00000000e0980000)
  to   space 86528K, 0% used [0x00000000e6f00000,0x00000000e6f00000,0x00000000ec380000)
 ParOldGen       total 261632K, used 144601K [0x0000000084e00000, 0x0000000094d80000, 0x00000000d6f80000)
  object space 261632K, 55% used [0x0000000084e00000,0x000000008db36468,0x0000000094d80000)
 Metaspace       used 11359K, capacity 11628K, committed 11904K, reserved 1060864K
  class space    used 1205K, capacity 1320K, committed 1408K, reserved 1048576K
Event: 2.711 GC heap after
Heap after GC invocations=10 (full 2):
 PSYoungGen      total 242176K, used 86516K [0x00000000d6f80000, 0x00000000ed780000, 0x0000000100000000)
  eden space 155648K, 0% used [0x00000000d6f80000,0x00000000d6f80000,0x00000000e0780000)
  from space 86528K, 99% used [0x00000000e6f00000,0x00000000ec37d340,0x00000000ec380000)
  to   space 105984K, 0% used [0x00000000e0780000,0x00000000e0780000,0x00000000e6f00000)
 ParOldGen       total 261632K, used 147617K [0x0000000084e00000, 0x0000000094d80000, 0x00000000d6f80000)
  object space 261632K, 56% used [0x0000000084e00000,0x000000008de28468,0x0000000094d80000)
 Metaspace       used 11359K, capacity 11628K, committed 11904K, reserved 1060864K
  class space    used 1205K, capacity 1320K, committed 1408K, reserved 1048576K
}
Event: 3.457 GC heap before
{Heap before GC invocations=11 (full 2):
 PSYoungGen      total 242176K, used 242164K [0x00000000d6f80000, 0x00000000ed780000, 0x0000000100000000)
  eden space 155648K, 100% used [0x00000000d6f80000,0x00000000e0780000,0x00000000e0780000)
  from space 86528K, 99% used [0x00000000e6f00000,0x00000000ec37d340,0x00000000ec380000)
  to   space 105984K, 0% used [0x00000000e0780000,0x00000000e0780000,0x00000000e6f00000)
 ParOldGen       total 261632K, used 147617K [0x0000000084e00000, 0x0000000094d80000, 0x00000000d6f80000)
  object space 261632K, 56% used [0x0000000084e00000,0x000000008de28468,0x0000000094d80000)
 Metaspace       used 12224K, capacity 12396K, committed 12672K, reserved 1060864K
  class space    used 1297K, capacity 1384K, committed 1408K, reserved 1048576K

