# JRE version: Java(TM) SE Runtime Environment (8.0_171-b11) (build 1.8.0_171-b11)
# Java VM: Java HotSpot(TM) 64-Bit Server VM (25.171-b11 mixed mode linux-amd64 compressed oops)
Heap:
 PSYoungGen      total 327680K, used 154087K [0x00000000d6f80000, 0x00000000f6880000, 0x0000000100000000)
  eden space 173568K, 0% used [0x00000000d6f80000,0x00000000d6f80000,0x00000000e1900000)
  from space 154112K, 99% used [0x00000000ed200000,0x00000000f6879c40,0x00000000f6880000)
  to   space 101888K, 0% used [0x00000000e1900000,0x00000000e1900000,0x00000000e7c80000)
 ParOldGen       total 291328K, used 257168K [0x0000000084e00000, 0x0000000096a80000, 0x00000000d6f80000)
  object space 291328K, 88% used [0x0000000084e00000,0x0000000094924358,0x0000000096a80000)
 Metaspace       used 12261K, capacity 12460K, committed 12672K, reserved 1060864K
  class space    used 1295K, capacity 1384K, committed 1408K, reserved 1048576K
GC Heap History (10 events):
Event: 1.665 GC heap after
Heap after GC invocations=5 (full 1):
 PSYoungGen      total 132096K, used 0K [0x00000000d6f80000, 0x00000000df580000, 0x0000000100000000)
  eden space 126976K, 0% used [0x00000000d6f80000,0x00000000d6f80000,0x00000000deb80000)
  from space 5120K, 0% used [0x00000000df080000,0x00000000df080000,0x00000000df580000)
  to   space 5120K, 0% used [0x00000000deb80000,0x00000000deb80000,0x00000000df080000)
 ParOldGen       total 147456K, used 66924K [0x0000000084e00000, 0x000000008de00000, 0x00000000d6f80000)
  object space 147456K, 45% used [0x0000000084e00000,0x0000000088f5b0c0,0x000000008de00000)
 Metaspace       used 11275K, capacity 11564K, committed 11904K, reserved 1060864K
  class space    used 1199K, capacity 1320K, committed 1408K, reserved 1048576K
}
Event: 1.806 GC heap before
{Heap before GC invocations=6 (full 1):
 PSYoungGen      total 132096K, used 126976K [0x00000000d6f80000, 0x00000000df580000, 0x0000000100000000)
  eden space 126976K, 100% used [0x00000000d6f80000,0x00000000deb80000,0x00000000deb80000)
  from space 5120K, 0% used [0x00000000df080000,0x00000000df080000,0x00000000df580000)
  to   space 5120K, 0% used [0x00000000deb80000,0x00000000deb80000,0x00000000df080000)
 ParOldGen       total 147456K, used 66924K [0x0000000084e00000, 0x000000008de00000, 0x00000000d6f80000)
  object space 147456K, 45% used [0x0000000084e00000,0x0000000088f5b0c0,0x000000008de00000)
 Metaspace       used 11336K, capacity 11564K, committed 11904K, reserved 1060864K
  class space    used 1200K, capacity 1320K, committed 1408K, reserved 1048576K
Event: 1.885 GC heap after
Heap after GC invocations=6 (full 1):
 PSYoungGen      total 132096K, used 5109K [0x00000000d6f80000, 0x00000000ee600000, 0x0000000100000000)
  eden space 126976K, 0% used [0x00000000d6f80000,0x00000000d6f80000,0x00000000deb80000)
  from space 5120K, 99% used [0x00000000deb80000,0x00000000df07d460,0x00000000df080000)
  to   space 83968K, 0% used [0x00000000e9400000,0x00000000e9400000,0x00000000ee600000)
 ParOldGen       total 147456K, used 141882K [0x0000000084e00000, 0x000000008de00000, 0x00000000d6f80000)
  object space 147456K, 96% used [0x0000000084e00000,0x000000008d88eb00,0x000000008de00000)
 Metaspace       used 11336K, capacity 11564K, committed 11904K, reserved 1060864K
  class space    used 1200K, capacity 1320K, committed 1408K, reserved 1048576K
}
Event: 1.885 GC heap before
{Heap before GC invocations=7 (full 2):
 PSYoungGen      total 132096K, used 5109K [0x00000000d6f80000, 0x00000000ee600000, 0x0000000100000000)
  eden space 126976K, 0% used [0x00000000d6f80000,0x00000000d6f80000,0x00000000deb80000)
  from space 5120K, 99% used [0x00000000deb80000,0x00000000df07d460,0x00000000df080000)
  to   space 83968K, 0% used [0x00000000e9400000,0x00000000e9400000,0x00000000ee600000)
 ParOldGen       total 147456K, used 141882K [0x0000000084e00000, 0x000000008de00000, 0x00000000d6f80000)
  object space 147456K, 96% used [0x0000000084e00000,0x000000008d88eb00,0x000000008de00000)
 Metaspace       used 11336K, capacity 11564K, committed 11904K, reserved 1060864K
  class space    used 1200K, capacity 1320K, committed 1408K, reserved 1048576K
Event: 2.417 GC heap after
Heap after GC invocations=7 (full 2):
 PSYoungGen      total 132096K, used 0K [0x00000000d6f80000, 0x00000000ee600000, 0x0000000100000000)
  eden space 126976K, 0% used [0x00000000d6f80000,0x00000000d6f80000,0x00000000deb80000)
  from space 5120K, 0% used [0x00000000deb80000,0x00000000deb80000,0x00000000df080000)
  to   space 83968K, 0% used [0x00000000e9400000,0x00000000e9400000,0x00000000ee600000)
 ParOldGen       total 291328K, used 146203K [0x0000000084e00000, 0x0000000096a80000, 0x00000000d6f80000)
  object space 291328K, 50% used [0x0000000084e00000,0x000000008dcc6cc0,0x0000000096a80000)
 Metaspace       used 11336K, capacity 11564K, committed 11904K, reserved 1060864K
  class space    used 1200K, capacity 1320K, committed 1408K, reserved 1048576K
}
Event: 2.620 GC heap before
{Heap before GC invocations=8 (full 2):
 PSYoungGen      total 132096K, used 126976K [0x00000000d6f80000, 0x00000000ee600000, 0x0000000100000000)
  eden space 126976K, 100% used [0x00000000d6f80000,0x00000000deb80000,0x00000000deb80000)
  from space 5120K, 0% used [0x00000000deb80000,0x00000000deb80000,0x00000000df080000)
  to   space 83968K, 0% used [0x00000000e9400000,0x00000000e9400000,0x00000000ee600000)
 ParOldGen       total 291328K, used 146203K [0x0000000084e00000, 0x0000000096a80000, 0x00000000d6f80000)
  object space 291328K, 50% used [0x0000000084e00000,0x000000008dcc6cc0,0x0000000096a80000)
 Metaspace       used 11368K, capacity 11628K, committed 11904K, reserved 1060864K
  class space    used 1204K, capacity 1320K, committed 1408K, reserved 1048576K
Event: 2.701 GC heap after
Heap after GC invocations=8 (full 2):
 PSYoungGen      total 240128K, used 77599K [0x00000000d6f80000, 0x00000000ee000000, 0x0000000100000000)
  eden space 162304K, 0% used [0x00000000d6f80000,0x00000000d6f80000,0x00000000e0e00000)
  from space 77824K, 99% used [0x00000000e9400000,0x00000000edfc7c00,0x00000000ee000000)
  to   space 101888K, 0% used [0x00000000e1900000,0x00000000e1900000,0x00000000e7c80000)
 ParOldGen       total 291328K, used 146203K [0x0000000084e00000, 0x0000000096a80000, 0x00000000d6f80000)
  object space 291328K, 50% used [0x0000000084e00000,0x000000008dcc6cc0,0x0000000096a80000)
 Metaspace       used 11368K, capacity 11628K, committed 11904K, reserved 1060864K
  class space    used 1204K, capacity 1320K, committed 1408K, reserved 1048576K
}
Event: 3.499 GC heap before
{Heap before GC invocations=9 (full 2):
 PSYoungGen      total 240128K, used 239903K [0x00000000d6f80000, 0x00000000ee000000, 0x0000000100000000)
  eden space 162304K, 100% used [0x00000000d6f80000,0x00000000e0e00000,0x00000000e0e00000)
  from space 77824K, 99% used [0x00000000e9400000,0x00000000edfc7c00,0x00000000ee000000)
  to   space 101888K, 0% used [0x00000000e1900000,0x00000000e1900000,0x00000000e7c80000)
 ParOldGen       total 291328K, used 146203K [0x0000000084e00000, 0x0000000096a80000, 0x00000000d6f80000)
  object space 291328K, 50% used [0x0000000084e00000,0x000000008dcc6cc0,0x0000000096a80000)
 Metaspace       used 12260K, capacity 12460K, committed 12672K, reserved 1060864K
  class space    used 1295K, capacity 1384K, committed 1408K, reserved 1048576K
Event: 3.663 GC heap after
Heap after GC invocations=9 (full 2):
 PSYoungGen      total 275456K, used 101872K [0x00000000d6f80000, 0x00000000f6880000, 0x0000000100000000)
  eden space 173568K, 0% used [0x00000000d6f80000,0x00000000d6f80000,0x00000000e1900000)
  from space 101888K, 99% used [0x00000000e1900000,0x00000000e7c7c110,0x00000000e7c80000)
  to   space 154112K, 0% used [0x00000000ed200000,0x00000000ed200000,0x00000000f6880000)
 ParOldGen       total 291328K, used 204163K [0x0000000084e00000, 0x0000000096a80000, 0x00000000d6f80000)
  object space 291328K, 70% used [0x0000000084e00000,0x0000000091560cc0,0x0000000096a80000)
 Metaspace       used 12260K, capacity 12460K, committed 12672K, reserved 1060864K
  class space    used 1295K, capacity 1384K, committed 1408K, reserved 1048576K
}
Event: 3.968 GC heap before
{Heap before GC invocations=10 (full 2):
 PSYoungGen      total 275456K, used 275440K [0x00000000d6f80000, 0x00000000f6880000, 0x0000000100000000)
  eden space 173568K, 100% used [0x00000000d6f80000,0x00000000e1900000,0x00000000e1900000)
  from space 101888K, 99% used [0x00000000e1900000,0x00000000e7c7c110,0x00000000e7c80000)
  to   space 154112K, 0% used [0x00000000ed200000,0x00000000ed200000,0x00000000f6880000)
 ParOldGen       total 291328K, used 204163K [0x0000000084e00000, 0x0000000096a80000, 0x00000000d6f80000)
  object space 291328K, 70% used [0x0000000084e00000,0x0000000091560cc0,0x0000000096a80000)
 Metaspace       used 12261K, capacity 12460K, committed 12672K, reserved 1060864K
  class space    used 1295K, capacity 1384K, committed 1408K, reserved 1048576K

