# JRE version: Java(TM) SE Runtime Environment (8.0_171-b11) (build 1.8.0_171-b11)
# Java VM: Java HotSpot(TM) 64-Bit Server VM (25.171-b11 mixed mode linux-amd64 compressed oops)
Heap:
 PSYoungGen      total 356352K, used 133470K [0x00000000d6f80000, 0x00000000f7100000, 0x0000000100000000)
  eden space 194048K, 0% used [0x00000000d6f80000,0x00000000d6f80000,0x00000000e2d00000)
  from space 162304K, 82% used [0x00000000e2d00000,0x00000000eaf57a30,0x00000000ecb80000)
  to   space 151552K, 0% used [0x00000000ecb80000,0x00000000ecb80000,0x00000000f5f80000)
 ParOldGen       total 412672K, used 285960K [0x0000000084e00000, 0x000000009e100000, 0x00000000d6f80000)
  object space 412672K, 69% used [0x0000000084e00000,0x0000000096542360,0x000000009e100000)
 Metaspace       used 13751K, capacity 13944K, committed 14208K, reserved 1062912K
  class space    used 1484K, capacity 1580K, committed 1664K, reserved 1048576K
GC Heap History (10 events):
Event: 2.280 GC heap after
Heap after GC invocations=9 (full 2):
 PSYoungGen      total 157184K, used 10717K [0x00000000d6f80000, 0x00000000ec780000, 0x0000000100000000)
  eden space 106496K, 0% used [0x00000000d6f80000,0x00000000d6f80000,0x00000000dd780000)
  from space 50688K, 21% used [0x00000000dd780000,0x00000000de1f7680,0x00000000e0900000)
  to   space 86528K, 0% used [0x00000000e7300000,0x00000000e7300000,0x00000000ec780000)
 ParOldGen       total 260096K, used 145900K [0x0000000084e00000, 0x0000000094c00000, 0x00000000d6f80000)
  object space 260096K, 56% used [0x0000000084e00000,0x000000008dc7b340,0x0000000094c00000)
 Metaspace       used 11358K, capacity 11628K, committed 11904K, reserved 1060864K
  class space    used 1205K, capacity 1320K, committed 1408K, reserved 1048576K
}
Event: 2.335 GC heap before
{Heap before GC invocations=10 (full 2):
 PSYoungGen      total 157184K, used 117213K [0x00000000d6f80000, 0x00000000ec780000, 0x0000000100000000)
  eden space 106496K, 100% used [0x00000000d6f80000,0x00000000dd780000,0x00000000dd780000)
  from space 50688K, 21% used [0x00000000dd780000,0x00000000de1f7680,0x00000000e0900000)
  to   space 86528K, 0% used [0x00000000e7300000,0x00000000e7300000,0x00000000ec780000)
 ParOldGen       total 260096K, used 145900K [0x0000000084e00000, 0x0000000094c00000, 0x00000000d6f80000)
  object space 260096K, 56% used [0x0000000084e00000,0x000000008dc7b340,0x0000000094c00000)
 Metaspace       used 11358K, capacity 11628K, committed 11904K, reserved 1060864K
  class space    used 1205K, capacity 1320K, committed 1408K, reserved 1048576K
Event: 2.440 GC heap after
Heap after GC invocations=10 (full 2):
 PSYoungGen      total 245248K, used 86528K [0x00000000d6f80000, 0x00000000ed680000, 0x0000000100000000)
  eden space 158720K, 0% used [0x00000000d6f80000,0x00000000d6f80000,0x00000000e0a80000)
  from space 86528K, 100% used [0x00000000e7300000,0x00000000ec780000,0x00000000ec780000)
  to   space 104448K, 0% used [0x00000000e0a80000,0x00000000e0a80000,0x00000000e7080000)
 ParOldGen       total 260096K, used 146196K [0x0000000084e00000, 0x0000000094c00000, 0x00000000d6f80000)
  object space 260096K, 56% used [0x0000000084e00000,0x000000008dcc5340,0x0000000094c00000)
 Metaspace       used 11358K, capacity 11628K, committed 11904K, reserved 1060864K
  class space    used 1205K, capacity 1320K, committed 1408K, reserved 1048576K
}
Event: 3.212 GC heap before
{Heap before GC invocations=11 (full 2):
 PSYoungGen      total 245248K, used 245248K [0x00000000d6f80000, 0x00000000ed680000, 0x0000000100000000)
  eden space 158720K, 100% used [0x00000000d6f80000,0x00000000e0a80000,0x00000000e0a80000)
  from space 86528K, 100% used [0x00000000e7300000,0x00000000ec780000,0x00000000ec780000)
  to   space 104448K, 0% used [0x00000000e0a80000,0x00000000e0a80000,0x00000000e7080000)
 ParOldGen       total 260096K, used 146196K [0x0000000084e00000, 0x0000000094c00000, 0x00000000d6f80000)
  object space 260096K, 56% used [0x0000000084e00000,0x000000008dcc5340,0x0000000094c00000)
 Metaspace       used 12249K, capacity 12460K, committed 12672K, reserved 1060864K
  class space    used 1297K, capacity 1384K, committed 1408K, reserved 1048576K
Event: 3.392 GC heap after
Heap after GC invocations=11 (full 2):
 PSYoungGen      total 263168K, used 104436K [0x00000000d6f80000, 0x00000000f5f80000, 0x0000000100000000)
  eden space 158720K, 0% used [0x00000000d6f80000,0x00000000d6f80000,0x00000000e0a80000)
  from space 104448K, 99% used [0x00000000e0a80000,0x00000000e707d178,0x00000000e7080000)
  to   space 151552K, 0% used [0x00000000ecb80000,0x00000000ecb80000,0x00000000f5f80000)
 ParOldGen       total 260096K, used 213268K [0x0000000084e00000, 0x0000000094c00000, 0x00000000d6f80000)
  object space 260096K, 81% used [0x0000000084e00000,0x0000000091e45388,0x0000000094c00000)
 Metaspace       used 12249K, capacity 12460K, committed 12672K, reserved 1060864K
  class space    used 1297K, capacity 1384K, committed 1408K, reserved 1048576K
}
Event: 3.392 GC heap before
{Heap before GC invocations=12 (full 3):
 PSYoungGen      total 263168K, used 104436K [0x00000000d6f80000, 0x00000000f5f80000, 0x0000000100000000)
  eden space 158720K, 0% used [0x00000000d6f80000,0x00000000d6f80000,0x00000000e0a80000)
  from space 104448K, 99% used [0x00000000e0a80000,0x00000000e707d178,0x00000000e7080000)
  to   space 151552K, 0% used [0x00000000ecb80000,0x00000000ecb80000,0x00000000f5f80000)
 ParOldGen       total 260096K, used 213268K [0x0000000084e00000, 0x0000000094c00000, 0x00000000d6f80000)
  object space 260096K, 81% used [0x0000000084e00000,0x0000000091e45388,0x0000000094c00000)
 Metaspace       used 12249K, capacity 12460K, committed 12672K, reserved 1060864K
  class space    used 1297K, capacity 1384K, committed 1408K, reserved 1048576K
Event: 3.983 GC heap after
Heap after GC invocations=12 (full 3):
 PSYoungGen      total 263168K, used 37303K [0x00000000d6f80000, 0x00000000f5f80000, 0x0000000100000000)
  eden space 158720K, 0% used [0x00000000d6f80000,0x00000000d6f80000,0x00000000e0a80000)
  from space 104448K, 35% used [0x00000000e0a80000,0x00000000e2eede10,0x00000000e7080000)
  to   space 151552K, 0% used [0x00000000ecb80000,0x00000000ecb80000,0x00000000f5f80000)
 ParOldGen       total 412672K, used 259688K [0x0000000084e00000, 0x000000009e100000, 0x00000000d6f80000)
  object space 412672K, 62% used [0x0000000084e00000,0x0000000094b9a360,0x000000009e100000)
 Metaspace       used 12249K, capacity 12460K, committed 12672K, reserved 1060864K
  class space    used 1297K, capacity 1384K, committed 1408K, reserved 1048576K
}
Event: 4.149 GC heap before
{Heap before GC invocations=13 (full 3):
 PSYoungGen      total 263168K, used 196023K [0x00000000d6f80000, 0x00000000f5f80000, 0x0000000100000000)
  eden space 158720K, 100% used [0x00000000d6f80000,0x00000000e0a80000,0x00000000e0a80000)
  from space 104448K, 35% used [0x00000000e0a80000,0x00000000e2eede10,0x00000000e7080000)
  to   space 151552K, 0% used [0x00000000ecb80000,0x00000000ecb80000,0x00000000f5f80000)
 ParOldGen       total 412672K, used 259688K [0x0000000084e00000, 0x000000009e100000, 0x00000000d6f80000)
  object space 412672K, 62% used [0x0000000084e00000,0x0000000094b9a360,0x000000009e100000)
 Metaspace       used 12249K, capacity 12460K, committed 12672K, reserved 1060864K
  class space    used 1297K, capacity 1384K, committed 1408K, reserved 1048576K
Event: 4.364 GC heap after
Heap after GC invocations=13 (full 3):
 PSYoungGen      total 345600K, used 107539K [0x00000000d6f80000, 0x00000000f7100000, 0x0000000100000000)
  eden space 194048K, 0% used [0x00000000d6f80000,0x00000000d6f80000,0x00000000e2d00000)
  from space 151552K, 70% used [0x00000000ecb80000,0x00000000f3484c60,0x00000000f5f80000)
  to   space 162304K, 0% used [0x00000000e2d00000,0x00000000e2d00000,0x00000000ecb80000)
 ParOldGen       total 412672K, used 285960K [0x0000000084e00000, 0x000000009e100000, 0x00000000d6f80000)
  object space 412672K, 69% used [0x0000000084e00000,0x0000000096542360,0x000000009e100000)
 Metaspace       used 12249K, capacity 12460K, committed 12672K, reserved 1060864K
  class space    used 1297K, capacity 1384K, committed 1408K, reserved 1048576K
}
Event: 56.016 GC heap before
{Heap before GC invocations=14 (full 3):
 PSYoungGen      total 345600K, used 301472K [0x00000000d6f80000, 0x00000000f7100000, 0x0000000100000000)
  eden space 194048K, 99% used [0x00000000d6f80000,0x00000000e2ce3758,0x00000000e2d00000)
  from space 151552K, 70% used [0x00000000ecb80000,0x00000000f3484c60,0x00000000f5f80000)
  to   space 162304K, 0% used [0x00000000e2d00000,0x00000000e2d00000,0x00000000ecb80000)
 ParOldGen       total 412672K, used 285960K [0x0000000084e00000, 0x000000009e100000, 0x00000000d6f80000)
  object space 412672K, 69% used [0x0000000084e00000,0x0000000096542360,0x000000009e100000)
 Metaspace       used 13751K, capacity 13944K, committed 14208K, reserved 1062912K
  class space    used 1484K, capacity 1580K, committed 1664K, reserved 1048576K

