# JRE version: Java(TM) SE Runtime Environment (8.0_171-b11) (build 1.8.0_171-b11)
# Java VM: Java HotSpot(TM) 64-Bit Server VM (25.171-b11 mixed mode linux-amd64 compressed oops)
Heap:
 PSYoungGen      total 448512K, used 0K [0x00000000d6f80000, 0x0000000100000000, 0x0000000100000000)
  eden space 224768K, 0% used [0x00000000d6f80000,0x00000000d6f80000,0x00000000e4b00000)
  from space 223744K, 0% used [0x00000000e4b00000,0x00000000e4b00000,0x00000000f2580000)
  to   space 223744K, 0% used [0x00000000f2580000,0x00000000f2580000,0x0000000100000000)
 ParOldGen       total 910336K, used 846815K [0x0000000084e00000, 0x00000000bc700000, 0x00000000d6f80000)
  object space 910336K, 93% used [0x0000000084e00000,0x00000000b88f7f20,0x00000000bc700000)
 Metaspace       used 13756K, capacity 13944K, committed 14208K, reserved 1062912K
  class space    used 1477K, capacity 1580K, committed 1664K, reserved 1048576K
GC Heap History (10 events):
Event: 27.005 GC heap after
Heap after GC invocations=16 (full 4):
 PSYoungGen      total 448512K, used 166791K [0x00000000d6f80000, 0x0000000100000000, 0x0000000100000000)
  eden space 224768K, 0% used [0x00000000d6f80000,0x00000000d6f80000,0x00000000e4b00000)
  from space 223744K, 74% used [0x00000000f2580000,0x00000000fc861ca8,0x0000000100000000)
  to   space 223744K, 0% used [0x00000000e4b00000,0x00000000e4b00000,0x00000000f2580000)
 ParOldGen       total 646656K, used 437387K [0x0000000084e00000, 0x00000000ac580000, 0x00000000d6f80000)
  object space 646656K, 67% used [0x0000000084e00000,0x000000009f922d10,0x00000000ac580000)
 Metaspace       used 12235K, capacity 12460K, committed 12672K, reserved 1060864K
  class space    used 1296K, capacity 1384K, committed 1408K, reserved 1048576K
}
Event: 27.264 GC heap before
{Heap before GC invocations=17 (full 4):
 PSYoungGen      total 448512K, used 391559K [0x00000000d6f80000, 0x0000000100000000, 0x0000000100000000)
  eden space 224768K, 100% used [0x00000000d6f80000,0x00000000e4b00000,0x00000000e4b00000)
  from space 223744K, 74% used [0x00000000f2580000,0x00000000fc861ca8,0x0000000100000000)
  to   space 223744K, 0% used [0x00000000e4b00000,0x00000000e4b00000,0x00000000f2580000)
 ParOldGen       total 646656K, used 437387K [0x0000000084e00000, 0x00000000ac580000, 0x00000000d6f80000)
  object space 646656K, 67% used [0x0000000084e00000,0x000000009f922d10,0x00000000ac580000)
 Metaspace       used 12235K, capacity 12460K, committed 12672K, reserved 1060864K
  class space    used 1296K, capacity 1384K, committed 1408K, reserved 1048576K
Event: 34.346 GC heap after
Heap after GC invocations=17 (full 4):
 PSYoungGen      total 448512K, used 138195K [0x00000000d6f80000, 0x0000000100000000, 0x0000000100000000)
  eden space 224768K, 0% used [0x00000000d6f80000,0x00000000d6f80000,0x00000000e4b00000)
  from space 223744K, 61% used [0x00000000e4b00000,0x00000000ed1f4e50,0x00000000f2580000)
  to   space 223744K, 0% used [0x00000000f2580000,0x00000000f2580000,0x0000000100000000)
 ParOldGen       total 646656K, used 605251K [0x0000000084e00000, 0x00000000ac580000, 0x00000000d6f80000)
  object space 646656K, 93% used [0x0000000084e00000,0x00000000a9d10f18,0x00000000ac580000)
 Metaspace       used 12235K, capacity 12460K, committed 12672K, reserved 1060864K
  class space    used 1296K, capacity 1384K, committed 1408K, reserved 1048576K
}
Event: 34.346 GC heap before
{Heap before GC invocations=18 (full 5):
 PSYoungGen      total 448512K, used 138195K [0x00000000d6f80000, 0x0000000100000000, 0x0000000100000000)
  eden space 224768K, 0% used [0x00000000d6f80000,0x00000000d6f80000,0x00000000e4b00000)
  from space 223744K, 61% used [0x00000000e4b00000,0x00000000ed1f4e50,0x00000000f2580000)
  to   space 223744K, 0% used [0x00000000f2580000,0x00000000f2580000,0x0000000100000000)
 ParOldGen       total 646656K, used 605251K [0x0000000084e00000, 0x00000000ac580000, 0x00000000d6f80000)
  object space 646656K, 93% used [0x0000000084e00000,0x00000000a9d10f18,0x00000000ac580000)
 Metaspace       used 12235K, capacity 12460K, committed 12672K, reserved 1060864K
  class space    used 1296K, capacity 1384K, committed 1408K, reserved 1048576K
Event: 36.872 GC heap after
Heap after GC invocations=18 (full 5):
 PSYoungGen      total 448512K, used 82212K [0x00000000d6f80000, 0x0000000100000000, 0x0000000100000000)
  eden space 224768K, 0% used [0x00000000d6f80000,0x00000000d6f80000,0x00000000e4b00000)
  from space 223744K, 36% used [0x00000000e4b00000,0x00000000e9b49140,0x00000000f2580000)
  to   space 223744K, 0% used [0x00000000f2580000,0x00000000f2580000,0x0000000100000000)
 ParOldGen       total 910336K, used 646550K [0x0000000084e00000, 0x00000000bc700000, 0x00000000d6f80000)
  object space 910336K, 71% used [0x0000000084e00000,0x00000000ac565800,0x00000000bc700000)
 Metaspace       used 12235K, capacity 12460K, committed 12672K, reserved 1060864K
  class space    used 1296K, capacity 1384K, committed 1408K, reserved 1048576K
}
Event: 39.894 GC heap before
{Heap before GC invocations=19 (full 5):
 PSYoungGen      total 448512K, used 306980K [0x00000000d6f80000, 0x0000000100000000, 0x0000000100000000)
  eden space 224768K, 100% used [0x00000000d6f80000,0x00000000e4b00000,0x00000000e4b00000)
  from space 223744K, 36% used [0x00000000e4b00000,0x00000000e9b49140,0x00000000f2580000)
  to   space 223744K, 0% used [0x00000000f2580000,0x00000000f2580000,0x0000000100000000)
 ParOldGen       total 910336K, used 646550K [0x0000000084e00000, 0x00000000bc700000, 0x00000000d6f80000)
  object space 910336K, 71% used [0x0000000084e00000,0x00000000ac565800,0x00000000bc700000)
 Metaspace       used 13736K, capacity 13944K, committed 14208K, reserved 1062912K
  class space    used 1477K, capacity 1580K, committed 1664K, reserved 1048576K
Event: 43.933 GC heap after
Heap after GC invocations=19 (full 5):
 PSYoungGen      total 448512K, used 129440K [0x00000000d6f80000, 0x0000000100000000, 0x0000000100000000)
  eden space 224768K, 0% used [0x00000000d6f80000,0x00000000d6f80000,0x00000000e4b00000)
  from space 223744K, 57% used [0x00000000f2580000,0x00000000fa3e8268,0x0000000100000000)
  to   space 223744K, 0% used [0x00000000e4b00000,0x00000000e4b00000,0x00000000f2580000)
 ParOldGen       total 910336K, used 727334K [0x0000000084e00000, 0x00000000bc700000, 0x00000000d6f80000)
  object space 910336K, 79% used [0x0000000084e00000,0x00000000b1449800,0x00000000bc700000)
 Metaspace       used 13736K, capacity 13944K, committed 14208K, reserved 1062912K
  class space    used 1477K, capacity 1580K, committed 1664K, reserved 1048576K
}
Event: 44.115 GC heap before
{Heap before GC invocations=20 (full 5):
 PSYoungGen      total 448512K, used 354070K [0x00000000d6f80000, 0x0000000100000000, 0x0000000100000000)
  eden space 224768K, 99% used [0x00000000d6f80000,0x00000000e4add8b8,0x00000000e4b00000)
  from space 223744K, 57% used [0x00000000f2580000,0x00000000fa3e8268,0x0000000100000000)
  to   space 223744K, 0% used [0x00000000e4b00000,0x00000000e4b00000,0x00000000f2580000)
 ParOldGen       total 910336K, used 727334K [0x0000000084e00000, 0x00000000bc700000, 0x00000000d6f80000)
  object space 910336K, 79% used [0x0000000084e00000,0x00000000b1449800,0x00000000bc700000)
 Metaspace       used 13756K, capacity 13944K, committed 14208K, reserved 1062912K
  class space    used 1477K, capacity 1580K, committed 1664K, reserved 1048576K
Event: 55.380 GC heap after
Heap after GC invocations=20 (full 5):
 PSYoungGen      total 448512K, used 2654K [0x00000000d6f80000, 0x0000000100000000, 0x0000000100000000)
  eden space 224768K, 0% used [0x00000000d6f80000,0x00000000d6f80000,0x00000000e4b00000)
  from space 223744K, 1% used [0x00000000e4b00000,0x00000000e4d97898,0x00000000f2580000)
  to   space 223744K, 0% used [0x00000000f2580000,0x00000000f2580000,0x0000000100000000)
 ParOldGen       total 910336K, used 858015K [0x0000000084e00000, 0x00000000bc700000, 0x00000000d6f80000)
  object space 910336K, 94% used [0x0000000084e00000,0x00000000b93e7d68,0x00000000bc700000)
 Metaspace       used 13756K, capacity 13944K, committed 14208K, reserved 1062912K
  class space    used 1477K, capacity 1580K, committed 1664K, reserved 1048576K
}
Event: 55.380 GC heap before
{Heap before GC invocations=21 (full 6):
 PSYoungGen      total 448512K, used 2654K [0x00000000d6f80000, 0x0000000100000000, 0x0000000100000000)
  eden space 224768K, 0% used [0x00000000d6f80000,0x00000000d6f80000,0x00000000e4b00000)
  from space 223744K, 1% used [0x00000000e4b00000,0x00000000e4d97898,0x00000000f2580000)
  to   space 223744K, 0% used [0x00000000f2580000,0x00000000f2580000,0x0000000100000000)
 ParOldGen       total 910336K, used 858015K [0x0000000084e00000, 0x00000000bc700000, 0x00000000d6f80000)
  object space 910336K, 94% used [0x0000000084e00000,0x00000000b93e7d68,0x00000000bc700000)
 Metaspace       used 13756K, capacity 13944K, committed 14208K, reserved 1062912K
  class space    used 1477K, capacity 1580K, committed 1664K, reserved 1048576K

