# JRE version: Java(TM) SE Runtime Environment (8.0_171-b11) (build 1.8.0_171-b11)
# Java VM: Java HotSpot(TM) 64-Bit Server VM (25.171-b11 mixed mode linux-amd64 compressed oops)
Heap:
 PSYoungGen      total 293888K, used 144357K [0x00000000d6f80000, 0x00000000f3f00000, 0x0000000100000000)
  eden space 149504K, 0% used [0x00000000d6f80000,0x00000000d6f80000,0x00000000e0180000)
  from space 144384K, 99% used [0x00000000eb200000,0x00000000f3ef9518,0x00000000f3f00000)
  to   space 103424K, 0% used [0x00000000e0180000,0x00000000e0180000,0x00000000e6680000)
 ParOldGen       total 273920K, used 252133K [0x0000000084e00000, 0x0000000095980000, 0x00000000d6f80000)
  object space 273920K, 92% used [0x0000000084e00000,0x0000000094439628,0x0000000095980000)
 Metaspace       used 12231K, capacity 12474K, committed 12800K, reserved 1060864K
  class space    used 1296K, capacity 1410K, committed 1536K, reserved 1048576K
GC Heap History (10 events):
Event: 1.724 GC heap after
Heap after GC invocations=7 (full 1):
 PSYoungGen      total 143872K, used 40138K [0x00000000d6f80000, 0x00000000e3a80000, 0x0000000100000000)
  eden space 103424K, 0% used [0x00000000d6f80000,0x00000000d6f80000,0x00000000dd480000)
  from space 40448K, 99% used [0x00000000e1300000,0x00000000e3a328c0,0x00000000e3a80000)
  to   space 50688K, 0% used [0x00000000dd780000,0x00000000dd780000,0x00000000e0900000)
 ParOldGen       total 150528K, used 65256K [0x0000000084e00000, 0x000000008e100000, 0x00000000d6f80000)
  object space 150528K, 43% used [0x0000000084e00000,0x0000000088dba040,0x000000008e100000)
 Metaspace       used 11311K, capacity 11546K, committed 11648K, reserved 1058816K
  class space    used 1199K, capacity 1314K, committed 1408K, reserved 1048576K
}
Event: 1.885 GC heap before
{Heap before GC invocations=8 (full 1):
 PSYoungGen      total 143872K, used 143562K [0x00000000d6f80000, 0x00000000e3a80000, 0x0000000100000000)
  eden space 103424K, 100% used [0x00000000d6f80000,0x00000000dd480000,0x00000000dd480000)
  from space 40448K, 99% used [0x00000000e1300000,0x00000000e3a328c0,0x00000000e3a80000)
  to   space 50688K, 0% used [0x00000000dd780000,0x00000000dd780000,0x00000000e0900000)
 ParOldGen       total 150528K, used 65256K [0x0000000084e00000, 0x000000008e100000, 0x00000000d6f80000)
  object space 150528K, 43% used [0x0000000084e00000,0x0000000088dba040,0x000000008e100000)
 Metaspace       used 11343K, capacity 11610K, committed 11904K, reserved 1060864K
  class space    used 1203K, capacity 1314K, committed 1408K, reserved 1048576K
Event: 1.952 GC heap after
Heap after GC invocations=8 (full 1):
 PSYoungGen      total 157184K, used 50669K [0x00000000d6f80000, 0x00000000ec200000, 0x0000000100000000)
  eden space 106496K, 0% used [0x00000000d6f80000,0x00000000d6f80000,0x00000000dd780000)
  from space 50688K, 99% used [0x00000000dd780000,0x00000000e08fb5e0,0x00000000e0900000)
  to   space 86528K, 0% used [0x00000000e6d80000,0x00000000e6d80000,0x00000000ec200000)
 ParOldGen       total 150528K, used 114215K [0x0000000084e00000, 0x000000008e100000, 0x00000000d6f80000)
  object space 150528K, 75% used [0x0000000084e00000,0x000000008bd89d60,0x000000008e100000)
 Metaspace       used 11343K, capacity 11610K, committed 11904K, reserved 1060864K
  class space    used 1203K, capacity 1314K, committed 1408K, reserved 1048576K
}
Event: 1.952 GC heap before
{Heap before GC invocations=9 (full 2):
 PSYoungGen      total 157184K, used 50669K [0x00000000d6f80000, 0x00000000ec200000, 0x0000000100000000)
  eden space 106496K, 0% used [0x00000000d6f80000,0x00000000d6f80000,0x00000000dd780000)
  from space 50688K, 99% used [0x00000000dd780000,0x00000000e08fb5e0,0x00000000e0900000)
  to   space 86528K, 0% used [0x00000000e6d80000,0x00000000e6d80000,0x00000000ec200000)
 ParOldGen       total 150528K, used 114215K [0x0000000084e00000, 0x000000008e100000, 0x00000000d6f80000)
  object space 150528K, 75% used [0x0000000084e00000,0x000000008bd89d60,0x000000008e100000)
 Metaspace       used 11343K, capacity 11610K, committed 11904K, reserved 1060864K
  class space    used 1203K, capacity 1314K, committed 1408K, reserved 1048576K
Event: 2.252 GC heap after
Heap after GC invocations=9 (full 2):
 PSYoungGen      total 157184K, used 6616K [0x00000000d6f80000, 0x00000000ec200000, 0x0000000100000000)
  eden space 106496K, 0% used [0x00000000d6f80000,0x00000000d6f80000,0x00000000dd780000)
  from space 50688K, 13% used [0x00000000dd780000,0x00000000dddf63b8,0x00000000e0900000)
  to   space 86528K, 0% used [0x00000000e6d80000,0x00000000e6d80000,0x00000000ec200000)
 ParOldGen       total 273920K, used 150057K [0x0000000084e00000, 0x0000000095980000, 0x00000000d6f80000)
  object space 273920K, 54% used [0x0000000084e00000,0x000000008e08a410,0x0000000095980000)
 Metaspace       used 11343K, capacity 11610K, committed 11904K, reserved 1060864K
  class space    used 1203K, capacity 1314K, committed 1408K, reserved 1048576K
}
Event: 2.359 GC heap before
{Heap before GC invocations=10 (full 2):
 PSYoungGen      total 157184K, used 113112K [0x00000000d6f80000, 0x00000000ec200000, 0x0000000100000000)
  eden space 106496K, 100% used [0x00000000d6f80000,0x00000000dd780000,0x00000000dd780000)
  from space 50688K, 13% used [0x00000000dd780000,0x00000000dddf63b8,0x00000000e0900000)
  to   space 86528K, 0% used [0x00000000e6d80000,0x00000000e6d80000,0x00000000ec200000)
 ParOldGen       total 273920K, used 150057K [0x0000000084e00000, 0x0000000095980000, 0x00000000d6f80000)
  object space 273920K, 54% used [0x0000000084e00000,0x000000008e08a410,0x0000000095980000)
 Metaspace       used 11344K, capacity 11610K, committed 11904K, reserved 1060864K
  class space    used 1203K, capacity 1314K, committed 1408K, reserved 1048576K
Event: 2.452 GC heap after
Heap after GC invocations=10 (full 2):
 PSYoungGen      total 236032K, used 83540K [0x00000000d6f80000, 0x00000000ecb80000, 0x0000000100000000)
  eden space 149504K, 0% used [0x00000000d6f80000,0x00000000d6f80000,0x00000000e0180000)
  from space 86528K, 96% used [0x00000000e6d80000,0x00000000ebf15360,0x00000000ec200000)
  to   space 103424K, 0% used [0x00000000e0180000,0x00000000e0180000,0x00000000e6680000)
 ParOldGen       total 273920K, used 150057K [0x0000000084e00000, 0x0000000095980000, 0x00000000d6f80000)
  object space 273920K, 54% used [0x0000000084e00000,0x000000008e08a410,0x0000000095980000)
 Metaspace       used 11344K, capacity 11610K, committed 11904K, reserved 1060864K
  class space    used 1203K, capacity 1314K, committed 1408K, reserved 1048576K
}
Event: 3.167 GC heap before
{Heap before GC invocations=11 (full 2):
 PSYoungGen      total 236032K, used 233044K [0x00000000d6f80000, 0x00000000ecb80000, 0x0000000100000000)
  eden space 149504K, 100% used [0x00000000d6f80000,0x00000000e0180000,0x00000000e0180000)
  from space 86528K, 96% used [0x00000000e6d80000,0x00000000ebf15360,0x00000000ec200000)
  to   space 103424K, 0% used [0x00000000e0180000,0x00000000e0180000,0x00000000e6680000)
 ParOldGen       total 273920K, used 150057K [0x0000000084e00000, 0x0000000095980000, 0x00000000d6f80000)
  object space 273920K, 54% used [0x0000000084e00000,0x000000008e08a410,0x0000000095980000)
 Metaspace       used 12231K, capacity 12474K, committed 12800K, reserved 1060864K
  class space    used 1296K, capacity 1410K, committed 1536K, reserved 1048576K
Event: 3.326 GC heap after
Heap after GC invocations=11 (full 2):
 PSYoungGen      total 252928K, used 103404K [0x00000000d6f80000, 0x00000000f3f00000, 0x0000000100000000)
  eden space 149504K, 0% used [0x00000000d6f80000,0x00000000d6f80000,0x00000000e0180000)
  from space 103424K, 99% used [0x00000000e0180000,0x00000000e667b3c8,0x00000000e6680000)
  to   space 144384K, 0% used [0x00000000eb200000,0x00000000eb200000,0x00000000f3f00000)
 ParOldGen       total 273920K, used 203473K [0x0000000084e00000, 0x0000000095980000, 0x00000000d6f80000)
  object space 273920K, 74% used [0x0000000084e00000,0x00000000914b4430,0x0000000095980000)
 Metaspace       used 12231K, capacity 12474K, committed 12800K, reserved 1060864K
  class space    used 1296K, capacity 1410K, committed 1536K, reserved 1048576K
}
Event: 3.486 GC heap before
{Heap before GC invocations=12 (full 2):
 PSYoungGen      total 252928K, used 252908K [0x00000000d6f80000, 0x00000000f3f00000, 0x0000000100000000)
  eden space 149504K, 100% used [0x00000000d6f80000,0x00000000e0180000,0x00000000e0180000)
  from space 103424K, 99% used [0x00000000e0180000,0x00000000e667b3c8,0x00000000e6680000)
  to   space 144384K, 0% used [0x00000000eb200000,0x00000000eb200000,0x00000000f3f00000)
 ParOldGen       total 273920K, used 203473K [0x0000000084e00000, 0x0000000095980000, 0x00000000d6f80000)
  object space 273920K, 74% used [0x0000000084e00000,0x00000000914b4430,0x0000000095980000)
 Metaspace       used 12231K, capacity 12474K, committed 12800K, reserved 1060864K
  class space    used 1296K, capacity 1410K, committed 1536K, reserved 1048576K

