# JRE version: Java(TM) SE Runtime Environment (8.0_171-b11) (build 1.8.0_171-b11)
# Java VM: Java HotSpot(TM) 64-Bit Server VM (25.171-b11 mixed mode linux-amd64 compressed oops)
Heap:
 PSYoungGen      total 359424K, used 129433K [0x00000000d6f80000, 0x00000000fa480000, 0x0000000100000000)
  eden space 182784K, 0% used [0x00000000d6f80000,0x00000000d6f80000,0x00000000e2200000)
  from space 176640K, 73% used [0x00000000ef800000,0x00000000f7666580,0x00000000fa480000)
  to   space 160768K, 0% used [0x00000000e2200000,0x00000000e2200000,0x00000000ebf00000)
 ParOldGen       total 432128K, used 291626K [0x0000000084e00000, 0x000000009f400000, 0x00000000d6f80000)
  object space 432128K, 67% used [0x0000000084e00000,0x0000000096acaa30,0x000000009f400000)
 Metaspace       used 13771K, capacity 13990K, committed 14208K, reserved 1062912K
  class space    used 1479K, capacity 1574K, committed 1664K, reserved 1048576K
GC Heap History (10 events):
Event: 2.719 GC heap after
Heap after GC invocations=10 (full 2):
 PSYoungGen      total 238080K, used 89600K [0x00000000d6f80000, 0x00000000eda80000, 0x0000000100000000)
  eden space 148480K, 0% used [0x00000000d6f80000,0x00000000d6f80000,0x00000000e0080000)
  from space 89600K, 100% used [0x00000000e6e80000,0x00000000ec600000,0x00000000ec600000)
  to   space 111616K, 0% used [0x00000000e0080000,0x00000000e0080000,0x00000000e6d80000)
 ParOldGen       total 271872K, used 156317K [0x0000000084e00000, 0x0000000095780000, 0x00000000d6f80000)
  object space 271872K, 57% used [0x0000000084e00000,0x000000008e6a76d0,0x0000000095780000)
 Metaspace       used 11366K, capacity 11610K, committed 11904K, reserved 1060864K
  class space    used 1203K, capacity 1314K, committed 1408K, reserved 1048576K
}
Event: 3.378 GC heap before
{Heap before GC invocations=11 (full 2):
 PSYoungGen      total 238080K, used 238080K [0x00000000d6f80000, 0x00000000eda80000, 0x0000000100000000)
  eden space 148480K, 100% used [0x00000000d6f80000,0x00000000e0080000,0x00000000e0080000)
  from space 89600K, 100% used [0x00000000e6e80000,0x00000000ec600000,0x00000000ec600000)
  to   space 111616K, 0% used [0x00000000e0080000,0x00000000e0080000,0x00000000e6d80000)
 ParOldGen       total 271872K, used 156317K [0x0000000084e00000, 0x0000000095780000, 0x00000000d6f80000)
  object space 271872K, 57% used [0x0000000084e00000,0x000000008e6a76d0,0x0000000095780000)
 Metaspace       used 12257K, capacity 12474K, committed 12800K, reserved 1060864K
  class space    used 1296K, capacity 1410K, committed 1536K, reserved 1048576K
Event: 3.600 GC heap after
Heap after GC invocations=11 (full 2):
 PSYoungGen      total 260096K, used 111601K [0x00000000d6f80000, 0x00000000f5780000, 0x0000000100000000)
  eden space 148480K, 0% used [0x00000000d6f80000,0x00000000d6f80000,0x00000000e0080000)
  from space 111616K, 99% used [0x00000000e0080000,0x00000000e6d7c458,0x00000000e6d80000)
  to   space 156160K, 0% used [0x00000000ebf00000,0x00000000ebf00000,0x00000000f5780000)
 ParOldGen       total 271872K, used 212981K [0x0000000084e00000, 0x0000000095780000, 0x00000000d6f80000)
  object space 271872K, 78% used [0x0000000084e00000,0x0000000091dfd788,0x0000000095780000)
 Metaspace       used 12257K, capacity 12474K, committed 12800K, reserved 1060864K
  class space    used 1296K, capacity 1410K, committed 1536K, reserved 1048576K
}
Event: 3.600 GC heap before
{Heap before GC invocations=12 (full 3):
 PSYoungGen      total 260096K, used 111601K [0x00000000d6f80000, 0x00000000f5780000, 0x0000000100000000)
  eden space 148480K, 0% used [0x00000000d6f80000,0x00000000d6f80000,0x00000000e0080000)
  from space 111616K, 99% used [0x00000000e0080000,0x00000000e6d7c458,0x00000000e6d80000)
  to   space 156160K, 0% used [0x00000000ebf00000,0x00000000ebf00000,0x00000000f5780000)
 ParOldGen       total 271872K, used 212981K [0x0000000084e00000, 0x0000000095780000, 0x00000000d6f80000)
  object space 271872K, 78% used [0x0000000084e00000,0x0000000091dfd788,0x0000000095780000)
 Metaspace       used 12257K, capacity 12474K, committed 12800K, reserved 1060864K
  class space    used 1296K, capacity 1410K, committed 1536K, reserved 1048576K
Event: 4.152 GC heap after
Heap after GC invocations=12 (full 3):
 PSYoungGen      total 260096K, used 23845K [0x00000000d6f80000, 0x00000000f5780000, 0x0000000100000000)
  eden space 148480K, 0% used [0x00000000d6f80000,0x00000000d6f80000,0x00000000e0080000)
  from space 111616K, 21% used [0x00000000e0080000,0x00000000e17c9480,0x00000000e6d80000)
  to   space 156160K, 0% used [0x00000000ebf00000,0x00000000ebf00000,0x00000000f5780000)
 ParOldGen       total 432128K, used 271738K [0x0000000084e00000, 0x000000009f400000, 0x00000000d6f80000)
  object space 432128K, 62% used [0x0000000084e00000,0x000000009575ea30,0x000000009f400000)
 Metaspace       used 12257K, capacity 12474K, committed 12800K, reserved 1060864K
  class space    used 1296K, capacity 1410K, committed 1536K, reserved 1048576K
}
Event: 4.453 GC heap before
{Heap before GC invocations=13 (full 3):
 PSYoungGen      total 260096K, used 172325K [0x00000000d6f80000, 0x00000000f5780000, 0x0000000100000000)
  eden space 148480K, 100% used [0x00000000d6f80000,0x00000000e0080000,0x00000000e0080000)
  from space 111616K, 21% used [0x00000000e0080000,0x00000000e17c9480,0x00000000e6d80000)
  to   space 156160K, 0% used [0x00000000ebf00000,0x00000000ebf00000,0x00000000f5780000)
 ParOldGen       total 432128K, used 271738K [0x0000000084e00000, 0x000000009f400000, 0x00000000d6f80000)
  object space 432128K, 62% used [0x0000000084e00000,0x000000009575ea30,0x000000009f400000)
 Metaspace       used 12257K, capacity 12474K, committed 12800K, reserved 1060864K
  class space    used 1296K, capacity 1410K, committed 1536K, reserved 1048576K
Event: 4.606 GC heap after
Heap after GC invocations=13 (full 3):
 PSYoungGen      total 338944K, used 94436K [0x00000000d6f80000, 0x00000000f5d80000, 0x0000000100000000)
  eden space 182784K, 0% used [0x00000000d6f80000,0x00000000d6f80000,0x00000000e2200000)
  from space 156160K, 60% used [0x00000000ebf00000,0x00000000f1b39378,0x00000000f5780000)
  to   space 160768K, 0% used [0x00000000e2200000,0x00000000e2200000,0x00000000ebf00000)
 ParOldGen       total 432128K, used 291618K [0x0000000084e00000, 0x000000009f400000, 0x00000000d6f80000)
  object space 432128K, 67% used [0x0000000084e00000,0x0000000096ac8a30,0x000000009f400000)
 Metaspace       used 12257K, capacity 12474K, committed 12800K, reserved 1060864K
  class space    used 1296K, capacity 1410K, committed 1536K, reserved 1048576K
}
Event: 5.353 GC heap before
{Heap before GC invocations=14 (full 3):
 PSYoungGen      total 338944K, used 277184K [0x00000000d6f80000, 0x00000000f5d80000, 0x0000000100000000)
  eden space 182784K, 99% used [0x00000000d6f80000,0x00000000e21f6ce8,0x00000000e2200000)
  from space 156160K, 60% used [0x00000000ebf00000,0x00000000f1b39378,0x00000000f5780000)
  to   space 160768K, 0% used [0x00000000e2200000,0x00000000e2200000,0x00000000ebf00000)
 ParOldGen       total 432128K, used 291618K [0x0000000084e00000, 0x000000009f400000, 0x00000000d6f80000)
  object space 432128K, 67% used [0x0000000084e00000,0x0000000096ac8a30,0x000000009f400000)
 Metaspace       used 13768K, capacity 13990K, committed 14208K, reserved 1062912K
  class space    used 1479K, capacity 1574K, committed 1664K, reserved 1048576K
Event: 5.491 GC heap after
Heap after GC invocations=14 (full 3):
 PSYoungGen      total 343552K, used 128231K [0x00000000d6f80000, 0x00000000fa480000, 0x0000000100000000)
  eden space 182784K, 0% used [0x00000000d6f80000,0x00000000d6f80000,0x00000000e2200000)
  from space 160768K, 79% used [0x00000000e2200000,0x00000000e9f39f50,0x00000000ebf00000)
  to   space 176640K, 0% used [0x00000000ef800000,0x00000000ef800000,0x00000000fa480000)
 ParOldGen       total 432128K, used 291626K [0x0000000084e00000, 0x000000009f400000, 0x00000000d6f80000)
  object space 432128K, 67% used [0x0000000084e00000,0x0000000096acaa30,0x000000009f400000)
 Metaspace       used 13768K, capacity 13990K, committed 14208K, reserved 1062912K
  class space    used 1479K, capacity 1574K, committed 1664K, reserved 1048576K
}
Event: 5.619 GC heap before
{Heap before GC invocations=15 (full 3):
 PSYoungGen      total 343552K, used 310828K [0x00000000d6f80000, 0x00000000fa480000, 0x0000000100000000)
  eden space 182784K, 99% used [0x00000000d6f80000,0x00000000e21d1348,0x00000000e2200000)
  from space 160768K, 79% used [0x00000000e2200000,0x00000000e9f39f50,0x00000000ebf00000)
  to   space 176640K, 0% used [0x00000000ef800000,0x00000000ef800000,0x00000000fa480000)
 ParOldGen       total 432128K, used 291626K [0x0000000084e00000, 0x000000009f400000, 0x00000000d6f80000)
  object space 432128K, 67% used [0x0000000084e00000,0x0000000096acaa30,0x000000009f400000)
 Metaspace       used 13771K, capacity 13990K, committed 14208K, reserved 1062912K
  class space    used 1479K, capacity 1574K, committed 1664K, reserved 1048576K

