# JRE version: Java(TM) SE Runtime Environment (8.0_171-b11) (build 1.8.0_171-b11)
# Java VM: Java HotSpot(TM) 64-Bit Server VM (25.171-b11 mixed mode linux-amd64 compressed oops)
Heap:
 PSYoungGen      total 448512K, used 4331K [0x00000000d6f80000, 0x0000000100000000, 0x0000000100000000)
  eden space 224768K, 0% used [0x00000000d6f80000,0x00000000d6f80000,0x00000000e4b00000)
  from space 223744K, 1% used [0x00000000f2580000,0x00000000f29bafb0,0x0000000100000000)
  to   space 223744K, 0% used [0x00000000e4b00000,0x00000000e4b00000,0x00000000f2580000)
 ParOldGen       total 940544K, used 940201K [0x0000000084e00000, 0x00000000be480000, 0x00000000d6f80000)
  object space 940544K, 99% used [0x0000000084e00000,0x00000000be42a498,0x00000000be480000)
 Metaspace       used 11469K, capacity 11692K, committed 11904K, reserved 1060864K
  class space    used 1209K, capacity 1320K, committed 1408K, reserved 1048576K
GC Heap History (10 events):
Event: 4.232 GC heap after
Heap after GC invocations=15 (full 4):
 PSYoungGen      total 350720K, used 101052K [0x00000000d6f80000, 0x00000000ffd00000, 0x0000000100000000)
  eden space 171008K, 0% used [0x00000000d6f80000,0x00000000d6f80000,0x00000000e1680000)
  from space 179712K, 56% used [0x00000000e1680000,0x00000000e792f070,0x00000000ec600000)
  to   space 223744K, 0% used [0x00000000f2280000,0x00000000f2280000,0x00000000ffd00000)
 ParOldGen       total 646144K, used 441080K [0x0000000084e00000, 0x00000000ac500000, 0x00000000d6f80000)
  object space 646144K, 68% used [0x0000000084e00000,0x000000009fcbe228,0x00000000ac500000)
 Metaspace       used 11468K, capacity 11692K, committed 11904K, reserved 1060864K
  class space    used 1209K, capacity 1320K, committed 1408K, reserved 1048576K
}
Event: 4.290 GC heap before
{Heap before GC invocations=16 (full 4):
 PSYoungGen      total 350720K, used 272060K [0x00000000d6f80000, 0x00000000ffd00000, 0x0000000100000000)
  eden space 171008K, 100% used [0x00000000d6f80000,0x00000000e1680000,0x00000000e1680000)
  from space 179712K, 56% used [0x00000000e1680000,0x00000000e792f070,0x00000000ec600000)
  to   space 223744K, 0% used [0x00000000f2280000,0x00000000f2280000,0x00000000ffd00000)
 ParOldGen       total 646144K, used 441080K [0x0000000084e00000, 0x00000000ac500000, 0x00000000d6f80000)
  object space 646144K, 68% used [0x0000000084e00000,0x000000009fcbe228,0x00000000ac500000)
 Metaspace       used 11468K, capacity 11692K, committed 11904K, reserved 1060864K
  class space    used 1209K, capacity 1320K, committed 1408K, reserved 1048576K
Event: 4.468 GC heap after
Heap after GC invocations=16 (full 4):
 PSYoungGen      total 432128K, used 163154K [0x00000000d6f80000, 0x00000000ff680000, 0x0000000100000000)
  eden space 215040K, 0% used [0x00000000d6f80000,0x00000000d6f80000,0x00000000e4180000)
  from space 217088K, 75% used [0x00000000f2280000,0x00000000fc1d48e0,0x00000000ff680000)
  to   space 223744K, 0% used [0x00000000e4180000,0x00000000e4180000,0x00000000f1c00000)
 ParOldGen       total 646144K, used 494831K [0x0000000084e00000, 0x00000000ac500000, 0x00000000d6f80000)
  object space 646144K, 76% used [0x0000000084e00000,0x00000000a313bc68,0x00000000ac500000)
 Metaspace       used 11468K, capacity 11692K, committed 11904K, reserved 1060864K
  class space    used 1209K, capacity 1320K, committed 1408K, reserved 1048576K
}
Event: 4.542 GC heap before
{Heap before GC invocations=17 (full 4):
 PSYoungGen      total 432128K, used 378194K [0x00000000d6f80000, 0x00000000ff680000, 0x0000000100000000)
  eden space 215040K, 100% used [0x00000000d6f80000,0x00000000e4180000,0x00000000e4180000)
  from space 217088K, 75% used [0x00000000f2280000,0x00000000fc1d48e0,0x00000000ff680000)
  to   space 223744K, 0% used [0x00000000e4180000,0x00000000e4180000,0x00000000f1c00000)
 ParOldGen       total 646144K, used 494831K [0x0000000084e00000, 0x00000000ac500000, 0x00000000d6f80000)
  object space 646144K, 76% used [0x0000000084e00000,0x00000000a313bc68,0x00000000ac500000)
 Metaspace       used 11468K, capacity 11692K, committed 11904K, reserved 1060864K
  class space    used 1209K, capacity 1320K, committed 1408K, reserved 1048576K
Event: 4.698 GC heap after
Heap after GC invocations=17 (full 4):
 PSYoungGen      total 438784K, used 144861K [0x00000000d6f80000, 0x0000000100000000, 0x0000000100000000)
  eden space 215040K, 0% used [0x00000000d6f80000,0x00000000d6f80000,0x00000000e4180000)
  from space 223744K, 64% used [0x00000000e4180000,0x00000000ecef7760,0x00000000f1c00000)
  to   space 223744K, 0% used [0x00000000f2580000,0x00000000f2580000,0x0000000100000000)
 ParOldGen       total 659456K, used 658573K [0x0000000084e00000, 0x00000000ad200000, 0x00000000d6f80000)
  object space 659456K, 99% used [0x0000000084e00000,0x00000000ad1236c8,0x00000000ad200000)
 Metaspace       used 11468K, capacity 11692K, committed 11904K, reserved 1060864K
  class space    used 1209K, capacity 1320K, committed 1408K, reserved 1048576K
}
Event: 4.698 GC heap before
{Heap before GC invocations=18 (full 5):
 PSYoungGen      total 438784K, used 144861K [0x00000000d6f80000, 0x0000000100000000, 0x0000000100000000)
  eden space 215040K, 0% used [0x00000000d6f80000,0x00000000d6f80000,0x00000000e4180000)
  from space 223744K, 64% used [0x00000000e4180000,0x00000000ecef7760,0x00000000f1c00000)
  to   space 223744K, 0% used [0x00000000f2580000,0x00000000f2580000,0x0000000100000000)
 ParOldGen       total 659456K, used 658573K [0x0000000084e00000, 0x00000000ad200000, 0x00000000d6f80000)
  object space 659456K, 99% used [0x0000000084e00000,0x00000000ad1236c8,0x00000000ad200000)
 Metaspace       used 11468K, capacity 11692K, committed 11904K, reserved 1060864K
  class space    used 1209K, capacity 1320K, committed 1408K, reserved 1048576K
Event: 5.902 GC heap after
Heap after GC invocations=18 (full 5):
 PSYoungGen      total 438784K, used 141818K [0x00000000d6f80000, 0x0000000100000000, 0x0000000100000000)
  eden space 215040K, 0% used [0x00000000d6f80000,0x00000000d6f80000,0x00000000e4180000)
  from space 223744K, 63% used [0x00000000e4180000,0x00000000ecbfe9c8,0x00000000f1c00000)
  to   space 223744K, 0% used [0x00000000f2580000,0x00000000f2580000,0x0000000100000000)
 ParOldGen       total 940544K, used 659272K [0x0000000084e00000, 0x00000000be480000, 0x00000000d6f80000)
  object space 940544K, 70% used [0x0000000084e00000,0x00000000ad1d2058,0x00000000be480000)
 Metaspace       used 11468K, capacity 11692K, committed 11904K, reserved 1060864K
  class space    used 1209K, capacity 1320K, committed 1408K, reserved 1048576K
}
Event: 5.974 GC heap before
{Heap before GC invocations=19 (full 5):
 PSYoungGen      total 438784K, used 356858K [0x00000000d6f80000, 0x0000000100000000, 0x0000000100000000)
  eden space 215040K, 100% used [0x00000000d6f80000,0x00000000e4180000,0x00000000e4180000)
  from space 223744K, 63% used [0x00000000e4180000,0x00000000ecbfe9c8,0x00000000f1c00000)
  to   space 223744K, 0% used [0x00000000f2580000,0x00000000f2580000,0x0000000100000000)
 ParOldGen       total 940544K, used 659272K [0x0000000084e00000, 0x00000000be480000, 0x00000000d6f80000)
  object space 940544K, 70% used [0x0000000084e00000,0x00000000ad1d2058,0x00000000be480000)
 Metaspace       used 11469K, capacity 11692K, committed 11904K, reserved 1060864K
  class space    used 1209K, capacity 1320K, committed 1408K, reserved 1048576K
Event: 6.433 GC heap after
Heap after GC invocations=19 (full 5):
 PSYoungGen      total 448512K, used 144146K [0x00000000d6f80000, 0x0000000100000000, 0x0000000100000000)
  eden space 224768K, 0% used [0x00000000d6f80000,0x00000000d6f80000,0x00000000e4b00000)
  from space 223744K, 64% used [0x00000000f2580000,0x00000000fb244bc0,0x0000000100000000)
  to   space 223744K, 0% used [0x00000000e4b00000,0x00000000e4b00000,0x00000000f2580000)
 ParOldGen       total 940544K, used 802186K [0x0000000084e00000, 0x00000000be480000, 0x00000000d6f80000)
  object space 940544K, 85% used [0x0000000084e00000,0x00000000b5d62938,0x00000000be480000)
 Metaspace       used 11469K, capacity 11692K, committed 11904K, reserved 1060864K
  class space    used 1209K, capacity 1320K, committed 1408K, reserved 1048576K
}
Event: 6.433 GC heap before
{Heap before GC invocations=20 (full 6):
 PSYoungGen      total 448512K, used 144146K [0x00000000d6f80000, 0x0000000100000000, 0x0000000100000000)
  eden space 224768K, 0% used [0x00000000d6f80000,0x00000000d6f80000,0x00000000e4b00000)
  from space 223744K, 64% used [0x00000000f2580000,0x00000000fb244bc0,0x0000000100000000)
  to   space 223744K, 0% used [0x00000000e4b00000,0x00000000e4b00000,0x00000000f2580000)
 ParOldGen       total 940544K, used 802186K [0x0000000084e00000, 0x00000000be480000, 0x00000000d6f80000)
  object space 940544K, 85% used [0x0000000084e00000,0x00000000b5d62938,0x00000000be480000)
 Metaspace       used 11469K, capacity 11692K, committed 11904K, reserved 1060864K
  class space    used 1209K, capacity 1320K, committed 1408K, reserved 1048576K

