# JRE version: Java(TM) SE Runtime Environment (8.0_171-b11) (build 1.8.0_171-b11)
# Java VM: Java HotSpot(TM) 64-Bit Server VM (25.171-b11 mixed mode linux-amd64 compressed oops)
Heap:
 PSYoungGen      total 132096K, used 5102K [0x00000000d6f80000, 0x00000000df580000, 0x0000000100000000)
  eden space 126976K, 0% used [0x00000000d6f80000,0x00000000d6f80000,0x00000000deb80000)
  from space 5120K, 99% used [0x00000000deb80000,0x00000000df07b928,0x00000000df080000)
  to   space 5120K, 0% used [0x00000000df080000,0x00000000df080000,0x00000000df580000)
 ParOldGen       total 146944K, used 137800K [0x0000000084e00000, 0x000000008dd80000, 0x00000000d6f80000)
  object space 146944K, 93% used [0x0000000084e00000,0x000000008d4923e8,0x000000008dd80000)
 Metaspace       used 11343K, capacity 11564K, committed 11904K, reserved 1060864K
  class space    used 1200K, capacity 1320K, committed 1408K, reserved 1048576K
GC Heap History (10 events):
Event: 0.767 GC heap after
Heap after GC invocations=1 (full 0):
 PSYoungGen      total 36864K, used 3820K [0x00000000d6f80000, 0x00000000db780000, 0x0000000100000000)
  eden space 31744K, 0% used [0x00000000d6f80000,0x00000000d6f80000,0x00000000d8e80000)
  from space 5120K, 74% used [0x00000000d8e80000,0x00000000d923b200,0x00000000d9380000)
  to   space 5120K, 0% used [0x00000000db280000,0x00000000db280000,0x00000000db780000)
 ParOldGen       total 84992K, used 18233K [0x0000000084e00000, 0x000000008a100000, 0x00000000d6f80000)
  object space 84992K, 21% used [0x0000000084e00000,0x0000000085fce430,0x000000008a100000)
 Metaspace       used 11043K, capacity 11276K, committed 11648K, reserved 1058816K
  class space    used 1184K, capacity 1288K, committed 1408K, reserved 1048576K
}
Event: 0.935 GC heap before
{Heap before GC invocations=2 (full 0):
 PSYoungGen      total 36864K, used 35564K [0x00000000d6f80000, 0x00000000db780000, 0x0000000100000000)
  eden space 31744K, 100% used [0x00000000d6f80000,0x00000000d8e80000,0x00000000d8e80000)
  from space 5120K, 74% used [0x00000000d8e80000,0x00000000d923b200,0x00000000d9380000)
  to   space 5120K, 0% used [0x00000000db280000,0x00000000db280000,0x00000000db780000)
 ParOldGen       total 84992K, used 18233K [0x0000000084e00000, 0x000000008a100000, 0x00000000d6f80000)
  object space 84992K, 21% used [0x0000000084e00000,0x0000000085fce430,0x000000008a100000)
 Metaspace       used 11047K, capacity 11276K, committed 11648K, reserved 1058816K
  class space    used 1184K, capacity 1288K, committed 1408K, reserved 1048576K
Event: 0.948 GC heap after
Heap after GC invocations=2 (full 0):
 PSYoungGen      total 68608K, used 3804K [0x00000000d6f80000, 0x00000000db780000, 0x0000000100000000)
  eden space 63488K, 0% used [0x00000000d6f80000,0x00000000d6f80000,0x00000000dad80000)
  from space 5120K, 74% used [0x00000000db280000,0x00000000db637210,0x00000000db780000)
  to   space 5120K, 0% used [0x00000000dad80000,0x00000000dad80000,0x00000000db280000)
 ParOldGen       total 84992K, used 37534K [0x0000000084e00000, 0x000000008a100000, 0x00000000d6f80000)
  object space 84992K, 44% used [0x0000000084e00000,0x00000000872a7a50,0x000000008a100000)
 Metaspace       used 11047K, capacity 11276K, committed 11648K, reserved 1058816K
  class space    used 1184K, capacity 1288K, committed 1408K, reserved 1048576K
}
Event: 1.297 GC heap before
{Heap before GC invocations=3 (full 0):
 PSYoungGen      total 68608K, used 67292K [0x00000000d6f80000, 0x00000000db780000, 0x0000000100000000)
  eden space 63488K, 100% used [0x00000000d6f80000,0x00000000dad80000,0x00000000dad80000)
  from space 5120K, 74% used [0x00000000db280000,0x00000000db637210,0x00000000db780000)
  to   space 5120K, 0% used [0x00000000dad80000,0x00000000dad80000,0x00000000db280000)
 ParOldGen       total 84992K, used 37534K [0x0000000084e00000, 0x000000008a100000, 0x00000000d6f80000)
  object space 84992K, 44% used [0x0000000084e00000,0x00000000872a7a50,0x000000008a100000)
 Metaspace       used 11254K, capacity 11500K, committed 11648K, reserved 1058816K
  class space    used 1198K, capacity 1320K, committed 1408K, reserved 1048576K
Event: 1.307 GC heap after
Heap after GC invocations=3 (full 0):
 PSYoungGen      total 68608K, used 5094K [0x00000000d6f80000, 0x00000000df580000, 0x0000000100000000)
  eden space 63488K, 0% used [0x00000000d6f80000,0x00000000d6f80000,0x00000000dad80000)
  from space 5120K, 99% used [0x00000000dad80000,0x00000000db279bf0,0x00000000db280000)
  to   space 5120K, 0% used [0x00000000df080000,0x00000000df080000,0x00000000df580000)
 ParOldGen       total 84992K, used 42599K [0x0000000084e00000, 0x000000008a100000, 0x00000000d6f80000)
  object space 84992K, 50% used [0x0000000084e00000,0x0000000087799e60,0x000000008a100000)
 Metaspace       used 11254K, capacity 11500K, committed 11648K, reserved 1058816K
  class space    used 1198K, capacity 1320K, committed 1408K, reserved 1048576K
}
Event: 1.360 GC heap before
{Heap before GC invocations=4 (full 0):
 PSYoungGen      total 68608K, used 68582K [0x00000000d6f80000, 0x00000000df580000, 0x0000000100000000)
  eden space 63488K, 100% used [0x00000000d6f80000,0x00000000dad80000,0x00000000dad80000)
  from space 5120K, 99% used [0x00000000dad80000,0x00000000db279bf0,0x00000000db280000)
  to   space 5120K, 0% used [0x00000000df080000,0x00000000df080000,0x00000000df580000)
 ParOldGen       total 84992K, used 42599K [0x0000000084e00000, 0x000000008a100000, 0x00000000d6f80000)
  object space 84992K, 50% used [0x0000000084e00000,0x0000000087799e60,0x000000008a100000)
 Metaspace       used 11282K, capacity 11564K, committed 11904K, reserved 1060864K
  class space    used 1199K, capacity 1320K, committed 1408K, reserved 1048576K
Event: 1.400 GC heap after
Heap after GC invocations=4 (full 0):
 PSYoungGen      total 132096K, used 5118K [0x00000000d6f80000, 0x00000000df580000, 0x0000000100000000)
  eden space 126976K, 0% used [0x00000000d6f80000,0x00000000d6f80000,0x00000000deb80000)
  from space 5120K, 99% used [0x00000000df080000,0x00000000df57fb70,0x00000000df580000)
  to   space 5120K, 0% used [0x00000000deb80000,0x00000000deb80000,0x00000000df080000)
 ParOldGen       total 84992K, used 82466K [0x0000000084e00000, 0x000000008a100000, 0x00000000d6f80000)
  object space 84992K, 97% used [0x0000000084e00000,0x0000000089e88a90,0x000000008a100000)
 Metaspace       used 11282K, capacity 11564K, committed 11904K, reserved 1060864K
  class space    used 1199K, capacity 1320K, committed 1408K, reserved 1048576K
}
Event: 1.400 GC heap before
{Heap before GC invocations=5 (full 1):
 PSYoungGen      total 132096K, used 5118K [0x00000000d6f80000, 0x00000000df580000, 0x0000000100000000)
  eden space 126976K, 0% used [0x00000000d6f80000,0x00000000d6f80000,0x00000000deb80000)
  from space 5120K, 99% used [0x00000000df080000,0x00000000df57fb70,0x00000000df580000)
  to   space 5120K, 0% used [0x00000000deb80000,0x00000000deb80000,0x00000000df080000)
 ParOldGen       total 84992K, used 82466K [0x0000000084e00000, 0x000000008a100000, 0x00000000d6f80000)
  object space 84992K, 97% used [0x0000000084e00000,0x0000000089e88a90,0x000000008a100000)
 Metaspace       used 11282K, capacity 11564K, committed 11904K, reserved 1060864K
  class space    used 1199K, capacity 1320K, committed 1408K, reserved 1048576K
Event: 1.501 GC heap after
Heap after GC invocations=5 (full 1):
 PSYoungGen      total 132096K, used 0K [0x00000000d6f80000, 0x00000000df580000, 0x0000000100000000)
  eden space 126976K, 0% used [0x00000000d6f80000,0x00000000d6f80000,0x00000000deb80000)
  from space 5120K, 0% used [0x00000000df080000,0x00000000df080000,0x00000000df580000)
  to   space 5120K, 0% used [0x00000000deb80000,0x00000000deb80000,0x00000000df080000)
 ParOldGen       total 146944K, used 62033K [0x0000000084e00000, 0x000000008dd80000, 0x00000000d6f80000)
  object space 146944K, 42% used [0x0000000084e00000,0x0000000088a94630,0x000000008dd80000)
 Metaspace       used 11282K, capacity 11564K, committed 11904K, reserved 1060864K
  class space    used 1199K, capacity 1320K, committed 1408K, reserved 1048576K
}
Event: 10.856 GC heap before
{Heap before GC invocations=6 (full 1):
 PSYoungGen      total 132096K, used 126976K [0x00000000d6f80000, 0x00000000df580000, 0x0000000100000000)
  eden space 126976K, 100% used [0x00000000d6f80000,0x00000000deb80000,0x00000000deb80000)
  from space 5120K, 0% used [0x00000000df080000,0x00000000df080000,0x00000000df580000)
  to   space 5120K, 0% used [0x00000000deb80000,0x00000000deb80000,0x00000000df080000)
 ParOldGen       total 146944K, used 62033K [0x0000000084e00000, 0x000000008dd80000, 0x00000000d6f80000)
  object space 146944K, 42% used [0x0000000084e00000,0x0000000088a94630,0x000000008dd80000)
 Metaspace       used 11343K, capacity 11564K, committed 11904K, reserved 1060864K
  class space    used 1200K, capacity 1320K, committed 1408K, reserved 1048576K

