# JRE version: Java(TM) SE Runtime Environment (8.0_171-b11) (build 1.8.0_171-b11)
# Java VM: Java HotSpot(TM) 64-Bit Server VM (25.171-b11 mixed mode linux-amd64 compressed oops)
Heap:
 PSYoungGen      total 448512K, used 163550K [0x00000000d6f80000, 0x0000000100000000, 0x0000000100000000)
  eden space 224768K, 0% used [0x00000000d6f80000,0x00000000d6f80000,0x00000000e4b00000)
  from space 223744K, 73% used [0x00000000f2580000,0x00000000fc537ae0,0x0000000100000000)
  to   space 223744K, 0% used [0x00000000e4b00000,0x00000000e4b00000,0x00000000f2580000)
 ParOldGen       total 504320K, used 503926K [0x0000000084e00000, 0x00000000a3a80000, 0x00000000d6f80000)
  object space 504320K, 99% used [0x0000000084e00000,0x00000000a3a1dad8,0x00000000a3a80000)
 Metaspace       used 13801K, capacity 14086K, committed 14208K, reserved 1062912K
  class space    used 1485K, capacity 1606K, committed 1664K, reserved 1048576K
GC Heap History (10 events):
Event: 3.898 GC heap after
Heap after GC invocations=9 (full 2):
 PSYoungGen      total 277504K, used 107005K [0x00000000d6f80000, 0x00000000fc300000, 0x0000000100000000)
  eden space 170496K, 0% used [0x00000000d6f80000,0x00000000d6f80000,0x00000000e1600000)
  from space 107008K, 99% used [0x00000000e1600000,0x00000000e7e7f630,0x00000000e7e80000)
  to   space 174592K, 0% used [0x00000000f1880000,0x00000000f1880000,0x00000000fc300000)
 ParOldGen       total 297472K, used 226767K [0x0000000084e00000, 0x0000000097080000, 0x00000000d6f80000)
  object space 297472K, 76% used [0x0000000084e00000,0x0000000092b73e60,0x0000000097080000)
 Metaspace       used 11505K, capacity 11738K, committed 11904K, reserved 1060864K
  class space    used 1211K, capacity 1314K, committed 1408K, reserved 1048576K
}
Event: 3.898 GC heap before
{Heap before GC invocations=10 (full 3):
 PSYoungGen      total 277504K, used 107005K [0x00000000d6f80000, 0x00000000fc300000, 0x0000000100000000)
  eden space 170496K, 0% used [0x00000000d6f80000,0x00000000d6f80000,0x00000000e1600000)
  from space 107008K, 99% used [0x00000000e1600000,0x00000000e7e7f630,0x00000000e7e80000)
  to   space 174592K, 0% used [0x00000000f1880000,0x00000000f1880000,0x00000000fc300000)
 ParOldGen       total 297472K, used 226767K [0x0000000084e00000, 0x0000000097080000, 0x00000000d6f80000)
  object space 297472K, 76% used [0x0000000084e00000,0x0000000092b73e60,0x0000000097080000)
 Metaspace       used 11505K, capacity 11738K, committed 11904K, reserved 1060864K
  class space    used 1211K, capacity 1314K, committed 1408K, reserved 1048576K
Event: 9.763 GC heap after
Heap after GC invocations=10 (full 3):
 PSYoungGen      total 277504K, used 35221K [0x00000000d6f80000, 0x00000000fc300000, 0x0000000100000000)
  eden space 170496K, 0% used [0x00000000d6f80000,0x00000000d6f80000,0x00000000e1600000)
  from space 107008K, 32% used [0x00000000e1600000,0x00000000e3865718,0x00000000e7e80000)
  to   space 174592K, 0% used [0x00000000f1880000,0x00000000f1880000,0x00000000fc300000)
 ParOldGen       total 504320K, used 297208K [0x0000000084e00000, 0x00000000a3a80000, 0x00000000d6f80000)
  object space 504320K, 58% used [0x0000000084e00000,0x000000009703e1b8,0x00000000a3a80000)
 Metaspace       used 11505K, capacity 11738K, committed 11904K, reserved 1060864K
  class space    used 1211K, capacity 1314K, committed 1408K, reserved 1048576K
}
Event: 11.725 GC heap before
{Heap before GC invocations=11 (full 3):
 PSYoungGen      total 277504K, used 205717K [0x00000000d6f80000, 0x00000000fc300000, 0x0000000100000000)
  eden space 170496K, 100% used [0x00000000d6f80000,0x00000000e1600000,0x00000000e1600000)
  from space 107008K, 32% used [0x00000000e1600000,0x00000000e3865718,0x00000000e7e80000)
  to   space 174592K, 0% used [0x00000000f1880000,0x00000000f1880000,0x00000000fc300000)
 ParOldGen       total 504320K, used 297208K [0x0000000084e00000, 0x00000000a3a80000, 0x00000000d6f80000)
  object space 504320K, 58% used [0x0000000084e00000,0x000000009703e1b8,0x00000000a3a80000)
 Metaspace       used 12403K, capacity 12602K, committed 12800K, reserved 1060864K
  class space    used 1304K, capacity 1410K, committed 1536K, reserved 1048576K
Event: 18.583 GC heap after
Heap after GC invocations=11 (full 3):
 PSYoungGen      total 417280K, used 132746K [0x00000000d6f80000, 0x00000000fd880000, 0x0000000100000000)
  eden space 242688K, 0% used [0x00000000d6f80000,0x00000000d6f80000,0x00000000e5c80000)
  from space 174592K, 76% used [0x00000000f1880000,0x00000000f9a22b38,0x00000000fc300000)
  to   space 192512K, 0% used [0x00000000e5c80000,0x00000000e5c80000,0x00000000f1880000)
 ParOldGen       total 504320K, used 297216K [0x0000000084e00000, 0x00000000a3a80000, 0x00000000d6f80000)
  object space 504320K, 58% used [0x0000000084e00000,0x00000000970401b8,0x00000000a3a80000)
 Metaspace       used 12403K, capacity 12602K, committed 12800K, reserved 1060864K
  class space    used 1304K, capacity 1410K, committed 1536K, reserved 1048576K
}
Event: 18.880 GC heap before
{Heap before GC invocations=12 (full 3):
 PSYoungGen      total 417280K, used 375434K [0x00000000d6f80000, 0x00000000fd880000, 0x0000000100000000)
  eden space 242688K, 100% used [0x00000000d6f80000,0x00000000e5c80000,0x00000000e5c80000)
  from space 174592K, 76% used [0x00000000f1880000,0x00000000f9a22b38,0x00000000fc300000)
  to   space 192512K, 0% used [0x00000000e5c80000,0x00000000e5c80000,0x00000000f1880000)
 ParOldGen       total 504320K, used 297216K [0x0000000084e00000, 0x00000000a3a80000, 0x00000000d6f80000)
  object space 504320K, 58% used [0x0000000084e00000,0x00000000970401b8,0x00000000a3a80000)
 Metaspace       used 12403K, capacity 12602K, committed 12800K, reserved 1060864K
  class space    used 1304K, capacity 1410K, committed 1536K, reserved 1048576K
Event: 19.176 GC heap after
Heap after GC invocations=12 (full 3):
 PSYoungGen      total 435200K, used 192486K [0x00000000d6f80000, 0x0000000100000000, 0x0000000100000000)
  eden space 242688K, 0% used [0x00000000d6f80000,0x00000000d6f80000,0x00000000e5c80000)
  from space 192512K, 99% used [0x00000000e5c80000,0x00000000f1879b10,0x00000000f1880000)
  to   space 223744K, 0% used [0x00000000f2580000,0x00000000f2580000,0x0000000100000000)
 ParOldGen       total 504320K, used 384217K [0x0000000084e00000, 0x00000000a3a80000, 0x00000000d6f80000)
  object space 504320K, 76% used [0x0000000084e00000,0x000000009c536560,0x00000000a3a80000)
 Metaspace       used 12403K, capacity 12602K, committed 12800K, reserved 1060864K
  class space    used 1304K, capacity 1410K, committed 1536K, reserved 1048576K
}
Event: 20.213 GC heap before
{Heap before GC invocations=13 (full 3):
 PSYoungGen      total 435200K, used 435174K [0x00000000d6f80000, 0x0000000100000000, 0x0000000100000000)
  eden space 242688K, 100% used [0x00000000d6f80000,0x00000000e5c80000,0x00000000e5c80000)
  from space 192512K, 99% used [0x00000000e5c80000,0x00000000f1879b10,0x00000000f1880000)
  to   space 223744K, 0% used [0x00000000f2580000,0x00000000f2580000,0x0000000100000000)
 ParOldGen       total 504320K, used 384217K [0x0000000084e00000, 0x00000000a3a80000, 0x00000000d6f80000)
  object space 504320K, 76% used [0x0000000084e00000,0x000000009c536560,0x00000000a3a80000)
 Metaspace       used 13801K, capacity 14086K, committed 14208K, reserved 1062912K
  class space    used 1485K, capacity 1606K, committed 1664K, reserved 1048576K
Event: 38.873 GC heap after
Heap after GC invocations=13 (full 3):
 PSYoungGen      total 448512K, used 223714K [0x00000000d6f80000, 0x0000000100000000, 0x0000000100000000)
  eden space 224768K, 0% used [0x00000000d6f80000,0x00000000d6f80000,0x00000000e4b00000)
  from space 223744K, 99% used [0x00000000f2580000,0x00000000ffff8a18,0x0000000100000000)
  to   space 223744K, 0% used [0x00000000e4b00000,0x00000000e4b00000,0x00000000f2580000)
 ParOldGen       total 504320K, used 491313K [0x0000000084e00000, 0x00000000a3a80000, 0x00000000d6f80000)
  object space 504320K, 97% used [0x0000000084e00000,0x00000000a2dcc5e8,0x00000000a3a80000)
 Metaspace       used 13801K, capacity 14086K, committed 14208K, reserved 1062912K
  class space    used 1485K, capacity 1606K, committed 1664K, reserved 1048576K
}
Event: 41.864 GC heap before
{Heap before GC invocations=14 (full 4):
 PSYoungGen      total 448512K, used 223714K [0x00000000d6f80000, 0x0000000100000000, 0x0000000100000000)
  eden space 224768K, 0% used [0x00000000d6f80000,0x00000000d6f80000,0x00000000e4b00000)
  from space 223744K, 99% used [0x00000000f2580000,0x00000000ffff8a18,0x0000000100000000)
  to   space 223744K, 0% used [0x00000000e4b00000,0x00000000e4b00000,0x00000000f2580000)
 ParOldGen       total 504320K, used 491313K [0x0000000084e00000, 0x00000000a3a80000, 0x00000000d6f80000)
  object space 504320K, 97% used [0x0000000084e00000,0x00000000a2dcc5e8,0x00000000a3a80000)
 Metaspace       used 13801K, capacity 14086K, committed 14208K, reserved 1062912K
  class space    used 1485K, capacity 1606K, committed 1664K, reserved 1048576K

