# JRE version: Java(TM) SE Runtime Environment (8.0_171-b11) (build 1.8.0_171-b11)
# Java VM: Java HotSpot(TM) 64-Bit Server VM (25.171-b11 mixed mode linux-amd64 compressed oops)
Heap:
 PSYoungGen      total 448512K, used 35788K [0x00000000d6f80000, 0x0000000100000000, 0x0000000100000000)
  eden space 224768K, 0% used [0x00000000d6f80000,0x00000000d6f80000,0x00000000e4b00000)
  from space 223744K, 15% used [0x00000000f2580000,0x00000000f48731f8,0x0000000100000000)
  to   space 223744K, 0% used [0x00000000e4b00000,0x00000000e4b00000,0x00000000f2580000)
 ParOldGen       total 872960K, used 872933K [0x0000000084e00000, 0x00000000ba280000, 0x00000000d6f80000)
  object space 872960K, 99% used [0x0000000084e00000,0x00000000ba2794f8,0x00000000ba280000)
 Metaspace       used 12422K, capacity 12602K, committed 12800K, reserved 1060864K
  class space    used 1304K, capacity 1410K, committed 1536K, reserved 1048576K
GC Heap History (10 events):
Event: 6.292 GC heap after
Heap after GC invocations=15 (full 4):
 PSYoungGen      total 397312K, used 176038K [0x00000000d6f80000, 0x0000000100000000, 0x0000000100000000)
  eden space 200192K, 0% used [0x00000000d6f80000,0x00000000d6f80000,0x00000000e3300000)
  from space 197120K, 89% used [0x00000000e3300000,0x00000000edee98b8,0x00000000ef380000)
  to   space 223744K, 0% used [0x00000000f2580000,0x00000000f2580000,0x0000000100000000)
 ParOldGen       total 615936K, used 412057K [0x0000000084e00000, 0x00000000aa780000, 0x00000000d6f80000)
  object space 615936K, 66% used [0x0000000084e00000,0x000000009e066530,0x00000000aa780000)
 Metaspace       used 11678K, capacity 11866K, committed 12160K, reserved 1060864K
  class space    used 1222K, capacity 1314K, committed 1408K, reserved 1048576K
}
Event: 7.092 GC heap before
{Heap before GC invocations=16 (full 4):
 PSYoungGen      total 397312K, used 376230K [0x00000000d6f80000, 0x0000000100000000, 0x0000000100000000)
  eden space 200192K, 100% used [0x00000000d6f80000,0x00000000e3300000,0x00000000e3300000)
  from space 197120K, 89% used [0x00000000e3300000,0x00000000edee98b8,0x00000000ef380000)
  to   space 223744K, 0% used [0x00000000f2580000,0x00000000f2580000,0x0000000100000000)
 ParOldGen       total 615936K, used 412057K [0x0000000084e00000, 0x00000000aa780000, 0x00000000d6f80000)
  object space 615936K, 66% used [0x0000000084e00000,0x000000009e066530,0x00000000aa780000)
 Metaspace       used 12422K, capacity 12602K, committed 12800K, reserved 1060864K
  class space    used 1304K, capacity 1410K, committed 1536K, reserved 1048576K
Event: 7.443 GC heap after
Heap after GC invocations=16 (full 4):
 PSYoungGen      total 448512K, used 149826K [0x00000000d6f80000, 0x0000000100000000, 0x0000000100000000)
  eden space 224768K, 0% used [0x00000000d6f80000,0x00000000d6f80000,0x00000000e4b00000)
  from space 223744K, 66% used [0x00000000f2580000,0x00000000fb7d0b10,0x0000000100000000)
  to   space 223744K, 0% used [0x00000000e4b00000,0x00000000e4b00000,0x00000000f2580000)
 ParOldGen       total 615936K, used 536105K [0x0000000084e00000, 0x00000000aa780000, 0x00000000d6f80000)
  object space 615936K, 87% used [0x0000000084e00000,0x00000000a598a530,0x00000000aa780000)
 Metaspace       used 12422K, capacity 12602K, committed 12800K, reserved 1060864K
  class space    used 1304K, capacity 1410K, committed 1536K, reserved 1048576K
}
Event: 7.443 GC heap before
{Heap before GC invocations=17 (full 5):
 PSYoungGen      total 448512K, used 149826K [0x00000000d6f80000, 0x0000000100000000, 0x0000000100000000)
  eden space 224768K, 0% used [0x00000000d6f80000,0x00000000d6f80000,0x00000000e4b00000)
  from space 223744K, 66% used [0x00000000f2580000,0x00000000fb7d0b10,0x0000000100000000)
  to   space 223744K, 0% used [0x00000000e4b00000,0x00000000e4b00000,0x00000000f2580000)
 ParOldGen       total 615936K, used 536105K [0x0000000084e00000, 0x00000000aa780000, 0x00000000d6f80000)
  object space 615936K, 87% used [0x0000000084e00000,0x00000000a598a530,0x00000000aa780000)
 Metaspace       used 12422K, capacity 12602K, committed 12800K, reserved 1060864K
  class space    used 1304K, capacity 1410K, committed 1536K, reserved 1048576K
Event: 8.792 GC heap after
Heap after GC invocations=17 (full 5):
 PSYoungGen      total 448512K, used 43027K [0x00000000d6f80000, 0x0000000100000000, 0x0000000100000000)
  eden space 224768K, 0% used [0x00000000d6f80000,0x00000000d6f80000,0x00000000e4b00000)
  from space 223744K, 19% used [0x00000000f2580000,0x00000000f4f84d80,0x0000000100000000)
  to   space 223744K, 0% used [0x00000000e4b00000,0x00000000e4b00000,0x00000000f2580000)
 ParOldGen       total 872960K, used 615660K [0x0000000084e00000, 0x00000000ba280000, 0x00000000d6f80000)
  object space 872960K, 70% used [0x0000000084e00000,0x00000000aa73b1f0,0x00000000ba280000)
 Metaspace       used 12422K, capacity 12602K, committed 12800K, reserved 1060864K
  class space    used 1304K, capacity 1410K, committed 1536K, reserved 1048576K
}
Event: 9.049 GC heap before
{Heap before GC invocations=18 (full 5):
 PSYoungGen      total 448512K, used 267795K [0x00000000d6f80000, 0x0000000100000000, 0x0000000100000000)
  eden space 224768K, 100% used [0x00000000d6f80000,0x00000000e4b00000,0x00000000e4b00000)
  from space 223744K, 19% used [0x00000000f2580000,0x00000000f4f84d80,0x0000000100000000)
  to   space 223744K, 0% used [0x00000000e4b00000,0x00000000e4b00000,0x00000000f2580000)
 ParOldGen       total 872960K, used 615660K [0x0000000084e00000, 0x00000000ba280000, 0x00000000d6f80000)
  object space 872960K, 70% used [0x0000000084e00000,0x00000000aa73b1f0,0x00000000ba280000)
 Metaspace       used 12422K, capacity 12602K, committed 12800K, reserved 1060864K
  class space    used 1304K, capacity 1410K, committed 1536K, reserved 1048576K
Event: 9.355 GC heap after
Heap after GC invocations=18 (full 5):
 PSYoungGen      total 448512K, used 138064K [0x00000000d6f80000, 0x0000000100000000, 0x0000000100000000)
  eden space 224768K, 0% used [0x00000000d6f80000,0x00000000d6f80000,0x00000000e4b00000)
  from space 223744K, 61% used [0x00000000e4b00000,0x00000000ed1d42f8,0x00000000f2580000)
  to   space 223744K, 0% used [0x00000000f2580000,0x00000000f2580000,0x0000000100000000)
 ParOldGen       total 872960K, used 659070K [0x0000000084e00000, 0x00000000ba280000, 0x00000000d6f80000)
  object space 872960K, 75% used [0x0000000084e00000,0x00000000ad19f8b8,0x00000000ba280000)
 Metaspace       used 12422K, capacity 12602K, committed 12800K, reserved 1060864K
  class space    used 1304K, capacity 1410K, committed 1536K, reserved 1048576K
}
Event: 9.610 GC heap before
{Heap before GC invocations=19 (full 5):
 PSYoungGen      total 448512K, used 362832K [0x00000000d6f80000, 0x0000000100000000, 0x0000000100000000)
  eden space 224768K, 100% used [0x00000000d6f80000,0x00000000e4b00000,0x00000000e4b00000)
  from space 223744K, 61% used [0x00000000e4b00000,0x00000000ed1d42f8,0x00000000f2580000)
  to   space 223744K, 0% used [0x00000000f2580000,0x00000000f2580000,0x0000000100000000)
 ParOldGen       total 872960K, used 659070K [0x0000000084e00000, 0x00000000ba280000, 0x00000000d6f80000)
  object space 872960K, 75% used [0x0000000084e00000,0x00000000ad19f8b8,0x00000000ba280000)
 Metaspace       used 12422K, capacity 12602K, committed 12800K, reserved 1060864K
  class space    used 1304K, capacity 1410K, committed 1536K, reserved 1048576K
Event: 14.709 GC heap after
Heap after GC invocations=19 (full 5):
 PSYoungGen      total 448512K, used 139301K [0x00000000d6f80000, 0x0000000100000000, 0x0000000100000000)
  eden space 224768K, 0% used [0x00000000d6f80000,0x00000000d6f80000,0x00000000e4b00000)
  from space 223744K, 62% used [0x00000000f2580000,0x00000000fad89548,0x0000000100000000)
  to   space 223744K, 0% used [0x00000000e4b00000,0x00000000e4b00000,0x00000000f2580000)
 ParOldGen       total 872960K, used 796721K [0x0000000084e00000, 0x00000000ba280000, 0x00000000d6f80000)
  object space 872960K, 91% used [0x0000000084e00000,0x00000000b580c778,0x00000000ba280000)
 Metaspace       used 12422K, capacity 12602K, committed 12800K, reserved 1060864K
  class space    used 1304K, capacity 1410K, committed 1536K, reserved 1048576K
}
Event: 14.709 GC heap before
{Heap before GC invocations=20 (full 6):
 PSYoungGen      total 448512K, used 139301K [0x00000000d6f80000, 0x0000000100000000, 0x0000000100000000)
  eden space 224768K, 0% used [0x00000000d6f80000,0x00000000d6f80000,0x00000000e4b00000)
  from space 223744K, 62% used [0x00000000f2580000,0x00000000fad89548,0x0000000100000000)
  to   space 223744K, 0% used [0x00000000e4b00000,0x00000000e4b00000,0x00000000f2580000)
 ParOldGen       total 872960K, used 796721K [0x0000000084e00000, 0x00000000ba280000, 0x00000000d6f80000)
  object space 872960K, 91% used [0x0000000084e00000,0x00000000b580c778,0x00000000ba280000)
 Metaspace       used 12422K, capacity 12602K, committed 12800K, reserved 1060864K
  class space    used 1304K, capacity 1410K, committed 1536K, reserved 1048576K

