# JRE version: Java(TM) SE Runtime Environment (8.0_171-b11) (build 1.8.0_171-b11)
# Java VM: Java HotSpot(TM) 64-Bit Server VM (25.171-b11 mixed mode linux-amd64 compressed oops)
Heap:
 PSYoungGen      total 276480K, used 104426K [0x00000000d6f80000, 0x00000000ee380000, 0x0000000100000000)
  eden space 172032K, 0% used [0x00000000d6f80000,0x00000000d6f80000,0x00000000e1780000)
  from space 104448K, 99% used [0x00000000e1780000,0x00000000e7d7a960,0x00000000e7d80000)
  to   space 84480K, 0% used [0x00000000e8100000,0x00000000e8100000,0x00000000ed380000)
 ParOldGen       total 293376K, used 204608K [0x0000000084e00000, 0x0000000096c80000, 0x00000000d6f80000)
  object space 293376K, 69% used [0x0000000084e00000,0x00000000915d03b8,0x0000000096c80000)
 Metaspace       used 12229K, capacity 12396K, committed 12672K, reserved 1060864K
  class space    used 1297K, capacity 1384K, committed 1408K, reserved 1048576K
GC Heap History (10 events):
Event: 1.472 GC heap after
Heap after GC invocations=4 (full 0):
 PSYoungGen      total 132096K, used 5120K [0x00000000d6f80000, 0x00000000df580000, 0x0000000100000000)
  eden space 126976K, 0% used [0x00000000d6f80000,0x00000000d6f80000,0x00000000deb80000)
  from space 5120K, 100% used [0x00000000df080000,0x00000000df580000,0x00000000df580000)
  to   space 5120K, 0% used [0x00000000deb80000,0x00000000deb80000,0x00000000df080000)
 ParOldGen       total 84992K, used 62006K [0x0000000084e00000, 0x000000008a100000, 0x00000000d6f80000)
  object space 84992K, 72% used [0x0000000084e00000,0x0000000088a8dbb8,0x000000008a100000)
 Metaspace       used 11264K, capacity 11564K, committed 11904K, reserved 1060864K
  class space    used 1201K, capacity 1320K, committed 1408K, reserved 1048576K
}
Event: 1.472 GC heap before
{Heap before GC invocations=5 (full 1):
 PSYoungGen      total 132096K, used 5120K [0x00000000d6f80000, 0x00000000df580000, 0x0000000100000000)
  eden space 126976K, 0% used [0x00000000d6f80000,0x00000000d6f80000,0x00000000deb80000)
  from space 5120K, 100% used [0x00000000df080000,0x00000000df580000,0x00000000df580000)
  to   space 5120K, 0% used [0x00000000deb80000,0x00000000deb80000,0x00000000df080000)
 ParOldGen       total 84992K, used 62006K [0x0000000084e00000, 0x000000008a100000, 0x00000000d6f80000)
  object space 84992K, 72% used [0x0000000084e00000,0x0000000088a8dbb8,0x000000008a100000)
 Metaspace       used 11264K, capacity 11564K, committed 11904K, reserved 1060864K
  class space    used 1201K, capacity 1320K, committed 1408K, reserved 1048576K
Event: 1.694 GC heap after
Heap after GC invocations=5 (full 1):
 PSYoungGen      total 132096K, used 0K [0x00000000d6f80000, 0x00000000df580000, 0x0000000100000000)
  eden space 126976K, 0% used [0x00000000d6f80000,0x00000000d6f80000,0x00000000deb80000)
  from space 5120K, 0% used [0x00000000df080000,0x00000000df080000,0x00000000df580000)
  to   space 5120K, 0% used [0x00000000deb80000,0x00000000deb80000,0x00000000df080000)
 ParOldGen       total 153088K, used 66674K [0x0000000084e00000, 0x000000008e380000, 0x00000000d6f80000)
  object space 153088K, 43% used [0x0000000084e00000,0x0000000088f1c880,0x000000008e380000)
 Metaspace       used 11264K, capacity 11564K, committed 11904K, reserved 1060864K
  class space    used 1201K, capacity 1320K, committed 1408K, reserved 1048576K
}
Event: 1.916 GC heap before
{Heap before GC invocations=6 (full 1):
 PSYoungGen      total 132096K, used 126976K [0x00000000d6f80000, 0x00000000df580000, 0x0000000100000000)
  eden space 126976K, 100% used [0x00000000d6f80000,0x00000000deb80000,0x00000000deb80000)
  from space 5120K, 0% used [0x00000000df080000,0x00000000df080000,0x00000000df580000)
  to   space 5120K, 0% used [0x00000000deb80000,0x00000000deb80000,0x00000000df080000)
 ParOldGen       total 153088K, used 66674K [0x0000000084e00000, 0x000000008e380000, 0x00000000d6f80000)
  object space 153088K, 43% used [0x0000000084e00000,0x0000000088f1c880,0x000000008e380000)
 Metaspace       used 11325K, capacity 11564K, committed 11904K, reserved 1060864K
  class space    used 1201K, capacity 1320K, committed 1408K, reserved 1048576K
Event: 1.986 GC heap after
Heap after GC invocations=6 (full 1):
 PSYoungGen      total 132096K, used 5109K [0x00000000d6f80000, 0x00000000ed380000, 0x0000000100000000)
  eden space 126976K, 0% used [0x00000000d6f80000,0x00000000d6f80000,0x00000000deb80000)
  from space 5120K, 99% used [0x00000000deb80000,0x00000000df07d460,0x00000000df080000)
  to   space 84480K, 0% used [0x00000000e8100000,0x00000000e8100000,0x00000000ed380000)
 ParOldGen       total 153088K, used 143144K [0x0000000084e00000, 0x000000008e380000, 0x00000000d6f80000)
  object space 153088K, 93% used [0x0000000084e00000,0x000000008d9ca2c0,0x000000008e380000)
 Metaspace       used 11325K, capacity 11564K, committed 11904K, reserved 1060864K
  class space    used 1201K, capacity 1320K, committed 1408K, reserved 1048576K
}
Event: 1.987 GC heap before
{Heap before GC invocations=7 (full 2):
 PSYoungGen      total 132096K, used 5109K [0x00000000d6f80000, 0x00000000ed380000, 0x0000000100000000)
  eden space 126976K, 0% used [0x00000000d6f80000,0x00000000d6f80000,0x00000000deb80000)
  from space 5120K, 99% used [0x00000000deb80000,0x00000000df07d460,0x00000000df080000)
  to   space 84480K, 0% used [0x00000000e8100000,0x00000000e8100000,0x00000000ed380000)
 ParOldGen       total 153088K, used 143144K [0x0000000084e00000, 0x000000008e380000, 0x00000000d6f80000)
  object space 153088K, 93% used [0x0000000084e00000,0x000000008d9ca2c0,0x000000008e380000)
 Metaspace       used 11325K, capacity 11564K, committed 11904K, reserved 1060864K
  class space    used 1201K, capacity 1320K, committed 1408K, reserved 1048576K
Event: 2.233 GC heap after
Heap after GC invocations=7 (full 2):
 PSYoungGen      total 132096K, used 0K [0x00000000d6f80000, 0x00000000ed380000, 0x0000000100000000)
  eden space 126976K, 0% used [0x00000000d6f80000,0x00000000d6f80000,0x00000000deb80000)
  from space 5120K, 0% used [0x00000000deb80000,0x00000000deb80000,0x00000000df080000)
  to   space 84480K, 0% used [0x00000000e8100000,0x00000000e8100000,0x00000000ed380000)
 ParOldGen       total 293376K, used 139971K [0x0000000084e00000, 0x0000000096c80000, 0x00000000d6f80000)
  object space 293376K, 47% used [0x0000000084e00000,0x000000008d6b0db0,0x0000000096c80000)
 Metaspace       used 11325K, capacity 11564K, committed 11904K, reserved 1060864K
  class space    used 1201K, capacity 1320K, committed 1408K, reserved 1048576K
}
Event: 2.429 GC heap before
{Heap before GC invocations=8 (full 2):
 PSYoungGen      total 132096K, used 126976K [0x00000000d6f80000, 0x00000000ed380000, 0x0000000100000000)
  eden space 126976K, 100% used [0x00000000d6f80000,0x00000000deb80000,0x00000000deb80000)
  from space 5120K, 0% used [0x00000000deb80000,0x00000000deb80000,0x00000000df080000)
  to   space 84480K, 0% used [0x00000000e8100000,0x00000000e8100000,0x00000000ed380000)
 ParOldGen       total 293376K, used 139971K [0x0000000084e00000, 0x0000000096c80000, 0x00000000d6f80000)
  object space 293376K, 47% used [0x0000000084e00000,0x000000008d6b0db0,0x0000000096c80000)
 Metaspace       used 11357K, capacity 11628K, committed 11904K, reserved 1060864K
  class space    used 1205K, capacity 1320K, committed 1408K, reserved 1048576K
Event: 2.524 GC heap after
Heap after GC invocations=8 (full 2):
 PSYoungGen      total 256512K, used 80713K [0x00000000d6f80000, 0x00000000ee380000, 0x0000000100000000)
  eden space 172032K, 0% used [0x00000000d6f80000,0x00000000d6f80000,0x00000000e1780000)
  from space 84480K, 95% used [0x00000000e8100000,0x00000000ecfd27a0,0x00000000ed380000)
  to   space 104448K, 0% used [0x00000000e1780000,0x00000000e1780000,0x00000000e7d80000)
 ParOldGen       total 293376K, used 139971K [0x0000000084e00000, 0x0000000096c80000, 0x00000000d6f80000)
  object space 293376K, 47% used [0x0000000084e00000,0x000000008d6b0db0,0x0000000096c80000)
 Metaspace       used 11357K, capacity 11628K, committed 11904K, reserved 1060864K
  class space    used 1205K, capacity 1320K, committed 1408K, reserved 1048576K
}
Event: 3.454 GC heap before
{Heap before GC invocations=9 (full 2):
 PSYoungGen      total 256512K, used 252745K [0x00000000d6f80000, 0x00000000ee380000, 0x0000000100000000)
  eden space 172032K, 100% used [0x00000000d6f80000,0x00000000e1780000,0x00000000e1780000)
  from space 84480K, 95% used [0x00000000e8100000,0x00000000ecfd27a0,0x00000000ed380000)
  to   space 104448K, 0% used [0x00000000e1780000,0x00000000e1780000,0x00000000e7d80000)
 ParOldGen       total 293376K, used 139971K [0x0000000084e00000, 0x0000000096c80000, 0x00000000d6f80000)
  object space 293376K, 47% used [0x0000000084e00000,0x000000008d6b0db0,0x0000000096c80000)
 Metaspace       used 12229K, capacity 12396K, committed 12672K, reserved 1060864K
  class space    used 1297K, capacity 1384K, committed 1408K, reserved 1048576K

